factor_windows = 180000 index_adjustment_180 1
Working on file study-3_spiral-4_pilot_NotHSRData_TrialMessages_Trial-T000472_Team-TM000085_Member-na_CondBtwn-SIFT-TA1_CondWin-na_Vers-1.metadata
Sorting messages...
Got msgs 47122
Trial Start client info
[{'callsign': 'Red',
  'markerblocklegend': '',
  'participant_id': 'P000451',
  'playername': 'RED_ASIST1',
  'staticmapversion': '',
  'unique_id': 'P000451'},
 {'callsign': 'Green',
  'markerblocklegend': '',
  'participant_id': 'P000452',
  'playername': 'GREEN_ASIST1',
  'staticmapversion': '',
  'unique_id': 'P000452'},
 {'callsign': 'Blue',
  'markerblocklegend': '',
  'participant_id': 'P000453',
  'playername': 'BLUE_ASIST1',
  'staticmapversion': '',
  'unique_id': 'P000453'}]
Got P000451: Red => medic
Got P000452: Green => transporter
Got P000453: Blue => engineer

survey for participant P000452
Compute and publish player profile message
sbsod score 4.0
vgem score 43.53333333333333
psychological collectivism score 3.2
sociable dominance score 3.6666666666666665
rmet score 13
SBSOD_MedianSplit_Score:  0
VGEM_MinecraftUSAR_MedianSplit_Score:  0
Competency_MedianSplit_Score:  1
PsychologicalCollectivism_MedianSplit_Score:  0
RMET_MedianSplit_Score:  0
SociableDominance_MedianSplit_Score:  0
make_player_profile LowTaskLowTeam 7 7
Initial Static Player Profile:  LowTaskLowTeam
Publish Player Profile
{'callsign': 'Green',
 'participant_id': 'P000452',
 'player-profile': 'LowTaskLowTeam',
 'role': 'transporter',
 'task-potential-category': 'LowTask',
 'team-potential-category': 'LowTeam'}


survey for participant P000451
Compute and publish player profile message
sbsod score 4.0
vgem score 30.333333333333332
psychological collectivism score 2.2
sociable dominance score 2.1333333333333333
rmet score 11
SBSOD_MedianSplit_Score:  0
VGEM_MinecraftUSAR_MedianSplit_Score:  0
Competency_MedianSplit_Score:  1
PsychologicalCollectivism_MedianSplit_Score:  0
RMET_MedianSplit_Score:  0
SociableDominance_MedianSplit_Score:  0
make_player_profile LowTaskLowTeam 7 7
Initial Static Player Profile:  LowTaskLowTeam
Publish Player Profile
{'callsign': 'Red',
 'participant_id': 'P000451',
 'player-profile': 'LowTaskLowTeam',
 'role': 'medic',
 'task-potential-category': 'LowTask',
 'team-potential-category': 'LowTeam'}


survey for participant P000453
Compute and publish player profile message
sbsod score 4.133333333333334
vgem score 61.86666666666667
psychological collectivism score 1.9333333333333333
sociable dominance score 2.1333333333333333
rmet score 11
SBSOD_MedianSplit_Score:  0
VGEM_MinecraftUSAR_MedianSplit_Score:  0
Competency_MedianSplit_Score:  1
PsychologicalCollectivism_MedianSplit_Score:  0
RMET_MedianSplit_Score:  0
SociableDominance_MedianSplit_Score:  0
make_player_profile LowTaskLowTeam 7 7
Initial Static Player Profile:  LowTaskLowTeam
Publish Player Profile
{'callsign': 'Blue',
 'participant_id': 'P000453',
 'player-profile': 'LowTaskLowTeam',
 'role': 'engineer',
 'task-potential-category': 'LowTask',
 'team-potential-category': 'LowTeam'}


survey for participant P000451
Added missing qid vals from survey 96
{'QID13_1': 5.502857143,
 'QID13_10': 3.508571429,
 'QID13_11': 3.281609195,
 'QID13_12': 2.350574713,
 'QID13_13': 3.482758621,
 'QID13_14': 4.457142857,
 'QID13_15': 2.754285714,
 'QID13_2': 3.44,
 'QID13_3': 5.098837209,
 'QID13_4': 5.402298851,
 'QID13_5': 4.165714286,
 'QID13_6': 3.782857143,
 'QID13_7': 4.908571429,
 'QID13_8': 2.534482759,
 'QID13_9': 5.218390805,
 'QID751': 3.0,
 'QID753': 2.0,
 'QID755': 3.0,
 'QID757': 2.0,
 'QID759': 2.0,
 'QID761': 2.0,
 'QID763': 2.0,
 'QID765': 1.0,
 'QID767': 4.0,
 'QID769': 1.0,
 'QID771': 2.0,
 'QID773': 3.0,
 'QID775': 2.0,
 'QID777': 1.0,
 'QID779': 1.0,
 'QID781': 2.0,
 'QID783': 2.0,
 'QID785': 1.0,
 'QID787': 2.0,
 'QID789': 2.0,
 'QID791': 2.0,
 'QID793': 1.0,
 'QID795': 4.0,
 'QID797': 1.0,
 'QID799': 4.0,
 'QID801': 3.0,
 'QID803': 2.0,
 'QID805': 1.0,
 'QID807': 1.0,
 'QID809': 2.0,
 'QID811': 2.0,
 'QID813': 1.0,
 'QID815': 4.0,
 'QID817': 3.0,
 'QID819': 2.0,
 'QID821': 3.0,
 'QID830_1': 3.508571429,
 'QID830_10': 4.017142857,
 'QID830_11': 4.354285714,
 'QID830_12': 4.494252874,
 'QID830_13': 3.542857143,
 'QID830_14': 3.634285714,
 'QID830_15': 3.417142857,
 'QID830_2': 3.622857143,
 'QID830_3': 3.451428571,
 'QID830_4': 3.497142857,
 'QID830_5': 3.551724138,
 'QID830_6': 3.88,
 'QID830_7': 4.28,
 'QID830_8': 4.274285714,
 'QID830_9': 4.195402299,
 'QID832_16': 3.417142857,
 'QID832_17': 3.534482759,
 'QID832_18': 3.811428571,
 'QID832_19': 3.337142857,
 'QID832_20': 3.24,
 'QID832_21': 3.925714286,
 'QID832_22': 3.683908046,
 'QID832_23': 3.068965517,
 'QID832_24': 3.108571429,
 'QID832_25': 2.645714286,
 'QID832_26': 1.885714286,
 'QID832_27': 1.6,
 'QID832_28': 2.794285714,
 'QID832_29': 1.874285714,
 'QID832_9': 3.925714286,
 'QID867_1': 14.09,
 'QID867_2': 11.58,
 'QID867_4': 8.08,
 'QID868_1': 7.0,
 'QID868_3': 7.0,
 'QID868_5': 7.0,
 'QID868_6': 6.0,
 'QID872_1': 74.29714286,
 'QID872_2': 70.40571429,
 'QID872_3': 76.94285714,
 'QID872_4': 80.41714286,
 'QID872_5': 79.94857143,
 'QID872_6': 77.48,
 'QID872_7': 92.85142857,
 'QID872_8': 80.44571429}
WARN: overriding previous QID 6665be95-9721-444c-b393-4def8167284b ['7d49b48c-4266-4114-bfbc-61112c030c97'] P000451 QID832_28 old:  2 new:  2.794285714
WARN: overriding previous QID 6665be95-9721-444c-b393-4def8167284b ['7d49b48c-4266-4114-bfbc-61112c030c97'] P000451 QID13_13 old:  4 new:  3.482758621
WARN: overriding previous QID 6665be95-9721-444c-b393-4def8167284b ['7d49b48c-4266-4114-bfbc-61112c030c97'] P000451 QID815 old:  2 new:  4.0
WARN: overriding previous QID 6665be95-9721-444c-b393-4def8167284b ['7d49b48c-4266-4114-bfbc-61112c030c97'] P000451 QID13_4 old:  4 new:  5.402298851
WARN: overriding previous QID 6665be95-9721-444c-b393-4def8167284b ['7d49b48c-4266-4114-bfbc-61112c030c97'] P000451 QID868_1 old:  4 new:  7.0
WARN: overriding previous QID 6665be95-9721-444c-b393-4def8167284b ['7d49b48c-4266-4114-bfbc-61112c030c97'] P000451 QID821 old:  2 new:  3.0
WARN: overriding previous QID 6665be95-9721-444c-b393-4def8167284b ['7d49b48c-4266-4114-bfbc-61112c030c97'] P000451 QID799 old:  2 new:  4.0
WARN: overriding previous QID 6665be95-9721-444c-b393-4def8167284b ['7d49b48c-4266-4114-bfbc-61112c030c97'] P000451 QID830_2 old:  3 new:  3.622857143
WARN: overriding previous QID 6665be95-9721-444c-b393-4def8167284b ['7d49b48c-4266-4114-bfbc-61112c030c97'] P000451 QID13_12 old:  4 new:  2.350574713
WARN: overriding previous QID 6665be95-9721-444c-b393-4def8167284b ['7d49b48c-4266-4114-bfbc-61112c030c97'] P000451 QID830_1 old:  4 new:  3.508571429
WARN: overriding previous QID 6665be95-9721-444c-b393-4def8167284b ['7d49b48c-4266-4114-bfbc-61112c030c97'] P000451 QID830_4 old:  2 new:  3.497142857
WARN: overriding previous QID 6665be95-9721-444c-b393-4def8167284b ['7d49b48c-4266-4114-bfbc-61112c030c97'] P000451 QID832_26 old:  2 new:  1.885714286
WARN: overriding previous QID 6665be95-9721-444c-b393-4def8167284b ['7d49b48c-4266-4114-bfbc-61112c030c97'] P000451 QID777 old:  2 new:  1.0
WARN: overriding previous QID 6665be95-9721-444c-b393-4def8167284b ['7d49b48c-4266-4114-bfbc-61112c030c97'] P000451 QID832_17 old:  2 new:  3.534482759
WARN: overriding previous QID 6665be95-9721-444c-b393-4def8167284b ['7d49b48c-4266-4114-bfbc-61112c030c97'] P000451 QID832_27 old:  2 new:  1.6
WARN: overriding previous QID 6665be95-9721-444c-b393-4def8167284b ['7d49b48c-4266-4114-bfbc-61112c030c97'] P000451 QID868_3 old:  5 new:  7.0
WARN: overriding previous QID 6665be95-9721-444c-b393-4def8167284b ['7d49b48c-4266-4114-bfbc-61112c030c97'] P000451 QID872_5 old:  1 new:  79.94857143
WARN: overriding previous QID 6665be95-9721-444c-b393-4def8167284b ['7d49b48c-4266-4114-bfbc-61112c030c97'] P000451 QID868_6 old:  5 new:  6.0
WARN: overriding previous QID 6665be95-9721-444c-b393-4def8167284b ['7d49b48c-4266-4114-bfbc-61112c030c97'] P000451 QID872_7 old:  1 new:  92.85142857
WARN: overriding previous QID 6665be95-9721-444c-b393-4def8167284b ['7d49b48c-4266-4114-bfbc-61112c030c97'] P000451 QID813 old:  2 new:  1.0
WARN: overriding previous QID 6665be95-9721-444c-b393-4def8167284b ['7d49b48c-4266-4114-bfbc-61112c030c97'] P000451 QID755 old:  2 new:  3.0
WARN: overriding previous QID 6665be95-9721-444c-b393-4def8167284b ['7d49b48c-4266-4114-bfbc-61112c030c97'] P000451 QID868_5 old:  4 new:  7.0
WARN: overriding previous QID 6665be95-9721-444c-b393-4def8167284b ['7d49b48c-4266-4114-bfbc-61112c030c97'] P000451 QID832_29 old:  2 new:  1.874285714
WARN: overriding previous QID 6665be95-9721-444c-b393-4def8167284b ['7d49b48c-4266-4114-bfbc-61112c030c97'] P000451 QID13_7 old:  4 new:  4.908571429
WARN: overriding previous QID 6665be95-9721-444c-b393-4def8167284b ['7d49b48c-4266-4114-bfbc-61112c030c97'] P000451 QID830_9 old:  2 new:  4.195402299
WARN: overriding previous QID 6665be95-9721-444c-b393-4def8167284b ['7d49b48c-4266-4114-bfbc-61112c030c97'] P000451 QID13_6 old:  4 new:  3.782857143
WARN: overriding previous QID 6665be95-9721-444c-b393-4def8167284b ['7d49b48c-4266-4114-bfbc-61112c030c97'] P000451 QID867_4 old:  11 new:  8.08
WARN: overriding previous QID 6665be95-9721-444c-b393-4def8167284b ['7d49b48c-4266-4114-bfbc-61112c030c97'] P000451 QID13_11 old:  4 new:  3.281609195
WARN: overriding previous QID 6665be95-9721-444c-b393-4def8167284b ['7d49b48c-4266-4114-bfbc-61112c030c97'] P000451 QID805 old:  2 new:  1.0
WARN: overriding previous QID 6665be95-9721-444c-b393-4def8167284b ['7d49b48c-4266-4114-bfbc-61112c030c97'] P000451 QID872_4 old:  1 new:  80.41714286
WARN: overriding previous QID 6665be95-9721-444c-b393-4def8167284b ['7d49b48c-4266-4114-bfbc-61112c030c97'] P000451 QID830_6 old:  2 new:  3.88
WARN: overriding previous QID 6665be95-9721-444c-b393-4def8167284b ['7d49b48c-4266-4114-bfbc-61112c030c97'] P000451 QID832_23 old:  2 new:  3.068965517
WARN: overriding previous QID 6665be95-9721-444c-b393-4def8167284b ['7d49b48c-4266-4114-bfbc-61112c030c97'] P000451 QID13_5 old:  4 new:  4.165714286
WARN: overriding previous QID 6665be95-9721-444c-b393-4def8167284b ['7d49b48c-4266-4114-bfbc-61112c030c97'] P000451 QID765 old:  2 new:  1.0
WARN: overriding previous QID 6665be95-9721-444c-b393-4def8167284b ['7d49b48c-4266-4114-bfbc-61112c030c97'] P000451 QID832_22 old:  2 new:  3.683908046
WARN: overriding previous QID 6665be95-9721-444c-b393-4def8167284b ['7d49b48c-4266-4114-bfbc-61112c030c97'] P000451 QID13_3 old:  4 new:  5.098837209
WARN: overriding previous QID 6665be95-9721-444c-b393-4def8167284b ['7d49b48c-4266-4114-bfbc-61112c030c97'] P000451 QID830_15 old:  2 new:  3.417142857
WARN: overriding previous QID 6665be95-9721-444c-b393-4def8167284b ['7d49b48c-4266-4114-bfbc-61112c030c97'] P000451 QID797 old:  2 new:  1.0
WARN: overriding previous QID 6665be95-9721-444c-b393-4def8167284b ['7d49b48c-4266-4114-bfbc-61112c030c97'] P000451 QID13_14 old:  4 new:  4.457142857
WARN: overriding previous QID 6665be95-9721-444c-b393-4def8167284b ['7d49b48c-4266-4114-bfbc-61112c030c97'] P000451 QID13_1 old:  4 new:  5.502857143
WARN: overriding previous QID 6665be95-9721-444c-b393-4def8167284b ['7d49b48c-4266-4114-bfbc-61112c030c97'] P000451 QID830_10 old:  2 new:  4.017142857
WARN: overriding previous QID 6665be95-9721-444c-b393-4def8167284b ['7d49b48c-4266-4114-bfbc-61112c030c97'] P000451 QID13_9 old:  4 new:  5.218390805
WARN: overriding previous QID 6665be95-9721-444c-b393-4def8167284b ['7d49b48c-4266-4114-bfbc-61112c030c97'] P000451 QID832_24 old:  2 new:  3.108571429
WARN: overriding previous QID 6665be95-9721-444c-b393-4def8167284b ['7d49b48c-4266-4114-bfbc-61112c030c97'] P000451 QID832_20 old:  2 new:  3.24
WARN: overriding previous QID 6665be95-9721-444c-b393-4def8167284b ['7d49b48c-4266-4114-bfbc-61112c030c97'] P000451 QID795 old:  2 new:  4.0
WARN: overriding previous QID 6665be95-9721-444c-b393-4def8167284b ['7d49b48c-4266-4114-bfbc-61112c030c97'] P000451 QID832_9 old:  4 new:  3.925714286
WARN: overriding previous QID 6665be95-9721-444c-b393-4def8167284b ['7d49b48c-4266-4114-bfbc-61112c030c97'] P000451 QID832_25 old:  2 new:  2.645714286
WARN: overriding previous QID 6665be95-9721-444c-b393-4def8167284b ['7d49b48c-4266-4114-bfbc-61112c030c97'] P000451 QID807 old:  2 new:  1.0
WARN: overriding previous QID 6665be95-9721-444c-b393-4def8167284b ['7d49b48c-4266-4114-bfbc-61112c030c97'] P000451 QID13_8 old:  4 new:  2.534482759
WARN: overriding previous QID 6665be95-9721-444c-b393-4def8167284b ['7d49b48c-4266-4114-bfbc-61112c030c97'] P000451 QID832_16 old:  2 new:  3.417142857
WARN: overriding previous QID 6665be95-9721-444c-b393-4def8167284b ['7d49b48c-4266-4114-bfbc-61112c030c97'] P000451 QID830_11 old:  2 new:  4.354285714
WARN: overriding previous QID 6665be95-9721-444c-b393-4def8167284b ['7d49b48c-4266-4114-bfbc-61112c030c97'] P000451 QID830_5 old:  2 new:  3.551724138
WARN: overriding previous QID 6665be95-9721-444c-b393-4def8167284b ['7d49b48c-4266-4114-bfbc-61112c030c97'] P000451 QID830_7 old:  2 new:  4.28
WARN: overriding previous QID 6665be95-9721-444c-b393-4def8167284b ['7d49b48c-4266-4114-bfbc-61112c030c97'] P000451 QID832_18 old:  2 new:  3.811428571
WARN: overriding previous QID 6665be95-9721-444c-b393-4def8167284b ['7d49b48c-4266-4114-bfbc-61112c030c97'] P000451 QID872_8 old:  1 new:  80.44571429
WARN: overriding previous QID 6665be95-9721-444c-b393-4def8167284b ['7d49b48c-4266-4114-bfbc-61112c030c97'] P000451 QID832_19 old:  2 new:  3.337142857
WARN: overriding previous QID 6665be95-9721-444c-b393-4def8167284b ['7d49b48c-4266-4114-bfbc-61112c030c97'] P000451 QID872_6 old:  1 new:  77.48
WARN: overriding previous QID 6665be95-9721-444c-b393-4def8167284b ['7d49b48c-4266-4114-bfbc-61112c030c97'] P000451 QID13_10 old:  4 new:  3.508571429
WARN: overriding previous QID 6665be95-9721-444c-b393-4def8167284b ['7d49b48c-4266-4114-bfbc-61112c030c97'] P000451 QID872_2 old:  1 new:  70.40571429
WARN: overriding previous QID 6665be95-9721-444c-b393-4def8167284b ['7d49b48c-4266-4114-bfbc-61112c030c97'] P000451 QID830_3 old:  2 new:  3.451428571
WARN: overriding previous QID 6665be95-9721-444c-b393-4def8167284b ['7d49b48c-4266-4114-bfbc-61112c030c97'] P000451 QID785 old:  2 new:  1.0
WARN: overriding previous QID 6665be95-9721-444c-b393-4def8167284b ['7d49b48c-4266-4114-bfbc-61112c030c97'] P000451 QID872_3 old:  1 new:  76.94285714
WARN: overriding previous QID 6665be95-9721-444c-b393-4def8167284b ['7d49b48c-4266-4114-bfbc-61112c030c97'] P000451 QID769 old:  2 new:  1.0
WARN: overriding previous QID 6665be95-9721-444c-b393-4def8167284b ['7d49b48c-4266-4114-bfbc-61112c030c97'] P000451 QID867_2 old:  10 new:  11.58
WARN: overriding previous QID 6665be95-9721-444c-b393-4def8167284b ['7d49b48c-4266-4114-bfbc-61112c030c97'] P000451 QID872_1 old:  66 new:  74.29714286
WARN: overriding previous QID 6665be95-9721-444c-b393-4def8167284b ['7d49b48c-4266-4114-bfbc-61112c030c97'] P000451 QID779 old:  2 new:  1.0
WARN: overriding previous QID 6665be95-9721-444c-b393-4def8167284b ['7d49b48c-4266-4114-bfbc-61112c030c97'] P000451 QID830_8 old:  2 new:  4.274285714
WARN: overriding previous QID 6665be95-9721-444c-b393-4def8167284b ['7d49b48c-4266-4114-bfbc-61112c030c97'] P000451 QID817 old:  2 new:  3.0
WARN: overriding previous QID 6665be95-9721-444c-b393-4def8167284b ['7d49b48c-4266-4114-bfbc-61112c030c97'] P000451 QID773 old:  2 new:  3.0
WARN: overriding previous QID 6665be95-9721-444c-b393-4def8167284b ['7d49b48c-4266-4114-bfbc-61112c030c97'] P000451 QID767 old:  2 new:  4.0
WARN: overriding previous QID 6665be95-9721-444c-b393-4def8167284b ['7d49b48c-4266-4114-bfbc-61112c030c97'] P000451 QID830_12 old:  2 new:  4.494252874
WARN: overriding previous QID 6665be95-9721-444c-b393-4def8167284b ['7d49b48c-4266-4114-bfbc-61112c030c97'] P000451 QID801 old:  2 new:  3.0
WARN: overriding previous QID 6665be95-9721-444c-b393-4def8167284b ['7d49b48c-4266-4114-bfbc-61112c030c97'] P000451 QID13_2 old:  4 new:  3.44
WARN: overriding previous QID 6665be95-9721-444c-b393-4def8167284b ['7d49b48c-4266-4114-bfbc-61112c030c97'] P000451 QID13_15 old:  4 new:  2.754285714
WARN: overriding previous QID 6665be95-9721-444c-b393-4def8167284b ['7d49b48c-4266-4114-bfbc-61112c030c97'] P000451 QID793 old:  2 new:  1.0
WARN: overriding previous QID 6665be95-9721-444c-b393-4def8167284b ['7d49b48c-4266-4114-bfbc-61112c030c97'] P000451 QID832_21 old:  2 new:  3.925714286
WARN: overriding previous QID 6665be95-9721-444c-b393-4def8167284b ['7d49b48c-4266-4114-bfbc-61112c030c97'] P000451 QID830_13 old:  2 new:  3.542857143
WARN: overriding previous QID 6665be95-9721-444c-b393-4def8167284b ['7d49b48c-4266-4114-bfbc-61112c030c97'] P000451 QID867_1 old:  9 new:  14.09
WARN: overriding previous QID 6665be95-9721-444c-b393-4def8167284b ['7d49b48c-4266-4114-bfbc-61112c030c97'] P000451 QID830_14 old:  2 new:  3.634285714
Compute and publish player profile message
sbsod score 4.9079115337333326
vgem score 78.90257142933335
psychological collectivism score 3.8480919539999996
sociable dominance score 3.056871373866667
rmet score 27
SBSOD_MedianSplit_Score:  0
VGEM_MinecraftUSAR_MedianSplit_Score:  1
Competency_MedianSplit_Score:  1
PsychologicalCollectivism_MedianSplit_Score:  0
RMET_MedianSplit_Score:  0
SociableDominance_MedianSplit_Score:  0
make_player_profile HighTaskLowTeam 8 7
Initial Static Player Profile:  HighTaskLowTeam
Publish Player Profile
{'callsign': 'Red',
 'participant_id': 'P000451',
 'player-profile': 'HighTaskLowTeam',
 'role': 'medic',
 'task-potential-category': 'HighTask',
 'team-potential-category': 'LowTeam'}


survey for participant P000452
Added missing qid vals from survey 96
{'QID13_1': 5.502857143,
 'QID13_10': 3.508571429,
 'QID13_11': 3.281609195,
 'QID13_12': 2.350574713,
 'QID13_13': 3.482758621,
 'QID13_14': 4.457142857,
 'QID13_15': 2.754285714,
 'QID13_2': 3.44,
 'QID13_3': 5.098837209,
 'QID13_4': 5.402298851,
 'QID13_5': 4.165714286,
 'QID13_6': 3.782857143,
 'QID13_7': 4.908571429,
 'QID13_8': 2.534482759,
 'QID13_9': 5.218390805,
 'QID751': 3.0,
 'QID753': 2.0,
 'QID755': 3.0,
 'QID757': 2.0,
 'QID759': 2.0,
 'QID761': 2.0,
 'QID763': 2.0,
 'QID765': 1.0,
 'QID767': 4.0,
 'QID769': 1.0,
 'QID771': 2.0,
 'QID773': 3.0,
 'QID775': 2.0,
 'QID777': 1.0,
 'QID779': 1.0,
 'QID781': 2.0,
 'QID783': 2.0,
 'QID785': 1.0,
 'QID787': 2.0,
 'QID789': 2.0,
 'QID791': 2.0,
 'QID793': 1.0,
 'QID795': 4.0,
 'QID797': 1.0,
 'QID799': 4.0,
 'QID801': 3.0,
 'QID803': 2.0,
 'QID805': 1.0,
 'QID807': 1.0,
 'QID809': 2.0,
 'QID811': 2.0,
 'QID813': 1.0,
 'QID815': 4.0,
 'QID817': 3.0,
 'QID819': 2.0,
 'QID821': 3.0,
 'QID830_1': 3.508571429,
 'QID830_10': 4.017142857,
 'QID830_11': 4.354285714,
 'QID830_12': 4.494252874,
 'QID830_13': 3.542857143,
 'QID830_14': 3.634285714,
 'QID830_15': 3.417142857,
 'QID830_2': 3.622857143,
 'QID830_3': 3.451428571,
 'QID830_4': 3.497142857,
 'QID830_5': 3.551724138,
 'QID830_6': 3.88,
 'QID830_7': 4.28,
 'QID830_8': 4.274285714,
 'QID830_9': 4.195402299,
 'QID832_16': 3.417142857,
 'QID832_17': 3.534482759,
 'QID832_18': 3.811428571,
 'QID832_19': 3.337142857,
 'QID832_20': 3.24,
 'QID832_21': 3.925714286,
 'QID832_22': 3.683908046,
 'QID832_23': 3.068965517,
 'QID832_24': 3.108571429,
 'QID832_25': 2.645714286,
 'QID832_26': 1.885714286,
 'QID832_27': 1.6,
 'QID832_28': 2.794285714,
 'QID832_29': 1.874285714,
 'QID832_9': 3.925714286,
 'QID867_1': 14.09,
 'QID867_2': 11.58,
 'QID867_4': 8.08,
 'QID868_1': 7.0,
 'QID868_3': 7.0,
 'QID868_5': 7.0,
 'QID868_6': 6.0,
 'QID872_1': 74.29714286,
 'QID872_2': 70.40571429,
 'QID872_3': 76.94285714,
 'QID872_4': 80.41714286,
 'QID872_5': 79.94857143,
 'QID872_6': 77.48,
 'QID872_7': 92.85142857,
 'QID872_8': 80.44571429}
WARN: overriding previous QID 6665be95-9721-444c-b393-4def8167284b ['7d49b48c-4266-4114-bfbc-61112c030c97'] P000452 QID832_28 old:  4 new:  2.794285714
WARN: overriding previous QID 6665be95-9721-444c-b393-4def8167284b ['7d49b48c-4266-4114-bfbc-61112c030c97'] P000452 QID13_13 old:  3 new:  3.482758621
WARN: overriding previous QID 6665be95-9721-444c-b393-4def8167284b ['7d49b48c-4266-4114-bfbc-61112c030c97'] P000452 QID815 old:  3 new:  4.0
WARN: overriding previous QID 6665be95-9721-444c-b393-4def8167284b ['7d49b48c-4266-4114-bfbc-61112c030c97'] P000452 QID13_4 old:  2 new:  5.402298851
WARN: overriding previous QID 6665be95-9721-444c-b393-4def8167284b ['7d49b48c-4266-4114-bfbc-61112c030c97'] P000452 QID868_1 old:  4 new:  7.0
WARN: overriding previous QID 6665be95-9721-444c-b393-4def8167284b ['7d49b48c-4266-4114-bfbc-61112c030c97'] P000452 QID751 old:  2 new:  3.0
WARN: overriding previous QID 6665be95-9721-444c-b393-4def8167284b ['7d49b48c-4266-4114-bfbc-61112c030c97'] P000452 QID799 old:  2 new:  4.0
WARN: overriding previous QID 6665be95-9721-444c-b393-4def8167284b ['7d49b48c-4266-4114-bfbc-61112c030c97'] P000452 QID830_2 old:  3 new:  3.622857143
WARN: overriding previous QID 6665be95-9721-444c-b393-4def8167284b ['7d49b48c-4266-4114-bfbc-61112c030c97'] P000452 QID13_12 old:  3 new:  2.350574713
WARN: overriding previous QID 6665be95-9721-444c-b393-4def8167284b ['7d49b48c-4266-4114-bfbc-61112c030c97'] P000452 QID830_1 old:  3 new:  3.508571429
WARN: overriding previous QID 6665be95-9721-444c-b393-4def8167284b ['7d49b48c-4266-4114-bfbc-61112c030c97'] P000452 QID830_4 old:  3 new:  3.497142857
WARN: overriding previous QID 6665be95-9721-444c-b393-4def8167284b ['7d49b48c-4266-4114-bfbc-61112c030c97'] P000452 QID832_26 old:  4 new:  1.885714286
WARN: overriding previous QID 6665be95-9721-444c-b393-4def8167284b ['7d49b48c-4266-4114-bfbc-61112c030c97'] P000452 QID777 old:  2 new:  1.0
WARN: overriding previous QID 6665be95-9721-444c-b393-4def8167284b ['7d49b48c-4266-4114-bfbc-61112c030c97'] P000452 QID832_17 old:  4 new:  3.534482759
WARN: overriding previous QID 6665be95-9721-444c-b393-4def8167284b ['7d49b48c-4266-4114-bfbc-61112c030c97'] P000452 QID832_27 old:  4 new:  1.6
WARN: overriding previous QID 6665be95-9721-444c-b393-4def8167284b ['7d49b48c-4266-4114-bfbc-61112c030c97'] P000452 QID868_3 old:  4 new:  7.0
WARN: overriding previous QID 6665be95-9721-444c-b393-4def8167284b ['7d49b48c-4266-4114-bfbc-61112c030c97'] P000452 QID872_5 old:  37 new:  79.94857143
WARN: overriding previous QID 6665be95-9721-444c-b393-4def8167284b ['7d49b48c-4266-4114-bfbc-61112c030c97'] P000452 QID868_6 old:  4 new:  6.0
WARN: overriding previous QID 6665be95-9721-444c-b393-4def8167284b ['7d49b48c-4266-4114-bfbc-61112c030c97'] P000452 QID872_7 old:  34 new:  92.85142857
WARN: overriding previous QID 6665be95-9721-444c-b393-4def8167284b ['7d49b48c-4266-4114-bfbc-61112c030c97'] P000452 QID813 old:  2 new:  1.0
WARN: overriding previous QID 6665be95-9721-444c-b393-4def8167284b ['7d49b48c-4266-4114-bfbc-61112c030c97'] P000452 QID755 old:  2 new:  3.0
WARN: overriding previous QID 6665be95-9721-444c-b393-4def8167284b ['7d49b48c-4266-4114-bfbc-61112c030c97'] P000452 QID868_5 old:  4 new:  7.0
WARN: overriding previous QID 6665be95-9721-444c-b393-4def8167284b ['7d49b48c-4266-4114-bfbc-61112c030c97'] P000452 QID832_29 old:  4 new:  1.874285714
WARN: overriding previous QID 6665be95-9721-444c-b393-4def8167284b ['7d49b48c-4266-4114-bfbc-61112c030c97'] P000452 QID13_7 old:  2 new:  4.908571429
WARN: overriding previous QID 6665be95-9721-444c-b393-4def8167284b ['7d49b48c-4266-4114-bfbc-61112c030c97'] P000452 QID830_9 old:  3 new:  4.195402299
WARN: overriding previous QID 6665be95-9721-444c-b393-4def8167284b ['7d49b48c-4266-4114-bfbc-61112c030c97'] P000452 QID13_6 old:  2 new:  3.782857143
WARN: overriding previous QID 6665be95-9721-444c-b393-4def8167284b ['7d49b48c-4266-4114-bfbc-61112c030c97'] P000452 QID867_4 old:  11 new:  8.08
WARN: overriding previous QID 6665be95-9721-444c-b393-4def8167284b ['7d49b48c-4266-4114-bfbc-61112c030c97'] P000452 QID13_11 old:  3 new:  3.281609195
WARN: overriding previous QID 6665be95-9721-444c-b393-4def8167284b ['7d49b48c-4266-4114-bfbc-61112c030c97'] P000452 QID805 old:  2 new:  1.0
WARN: overriding previous QID 6665be95-9721-444c-b393-4def8167284b ['7d49b48c-4266-4114-bfbc-61112c030c97'] P000452 QID872_4 old:  37 new:  80.41714286
WARN: overriding previous QID 6665be95-9721-444c-b393-4def8167284b ['7d49b48c-4266-4114-bfbc-61112c030c97'] P000452 QID830_6 old:  3 new:  3.88
WARN: overriding previous QID 6665be95-9721-444c-b393-4def8167284b ['7d49b48c-4266-4114-bfbc-61112c030c97'] P000452 QID832_23 old:  3 new:  3.068965517
WARN: overriding previous QID 6665be95-9721-444c-b393-4def8167284b ['7d49b48c-4266-4114-bfbc-61112c030c97'] P000452 QID13_5 old:  3 new:  4.165714286
WARN: overriding previous QID 6665be95-9721-444c-b393-4def8167284b ['7d49b48c-4266-4114-bfbc-61112c030c97'] P000452 QID765 old:  3 new:  1.0
WARN: overriding previous QID 6665be95-9721-444c-b393-4def8167284b ['7d49b48c-4266-4114-bfbc-61112c030c97'] P000452 QID832_22 old:  3 new:  3.683908046
WARN: overriding previous QID 6665be95-9721-444c-b393-4def8167284b ['7d49b48c-4266-4114-bfbc-61112c030c97'] P000452 QID13_3 old:  2 new:  5.098837209
WARN: overriding previous QID 6665be95-9721-444c-b393-4def8167284b ['7d49b48c-4266-4114-bfbc-61112c030c97'] P000452 QID830_15 old:  4 new:  3.417142857
WARN: overriding previous QID 6665be95-9721-444c-b393-4def8167284b ['7d49b48c-4266-4114-bfbc-61112c030c97'] P000452 QID797 old:  2 new:  1.0
WARN: overriding previous QID 6665be95-9721-444c-b393-4def8167284b ['7d49b48c-4266-4114-bfbc-61112c030c97'] P000452 QID13_14 old:  3 new:  4.457142857
WARN: overriding previous QID 6665be95-9721-444c-b393-4def8167284b ['7d49b48c-4266-4114-bfbc-61112c030c97'] P000452 QID13_1 old:  3 new:  5.502857143
WARN: overriding previous QID 6665be95-9721-444c-b393-4def8167284b ['7d49b48c-4266-4114-bfbc-61112c030c97'] P000452 QID830_10 old:  3 new:  4.017142857
WARN: overriding previous QID 6665be95-9721-444c-b393-4def8167284b ['7d49b48c-4266-4114-bfbc-61112c030c97'] P000452 QID13_9 old:  3 new:  5.218390805
WARN: overriding previous QID 6665be95-9721-444c-b393-4def8167284b ['7d49b48c-4266-4114-bfbc-61112c030c97'] P000452 QID832_24 old:  3 new:  3.108571429
WARN: overriding previous QID 6665be95-9721-444c-b393-4def8167284b ['7d49b48c-4266-4114-bfbc-61112c030c97'] P000452 QID832_20 old:  3 new:  3.24
WARN: overriding previous QID 6665be95-9721-444c-b393-4def8167284b ['7d49b48c-4266-4114-bfbc-61112c030c97'] P000452 QID795 old:  2 new:  4.0
WARN: overriding previous QID 6665be95-9721-444c-b393-4def8167284b ['7d49b48c-4266-4114-bfbc-61112c030c97'] P000452 QID832_9 old:  4 new:  3.925714286
WARN: overriding previous QID 6665be95-9721-444c-b393-4def8167284b ['7d49b48c-4266-4114-bfbc-61112c030c97'] P000452 QID832_25 old:  4 new:  2.645714286
WARN: overriding previous QID 6665be95-9721-444c-b393-4def8167284b ['7d49b48c-4266-4114-bfbc-61112c030c97'] P000452 QID807 old:  2 new:  1.0
WARN: overriding previous QID 6665be95-9721-444c-b393-4def8167284b ['7d49b48c-4266-4114-bfbc-61112c030c97'] P000452 QID13_8 old:  3 new:  2.534482759
WARN: overriding previous QID 6665be95-9721-444c-b393-4def8167284b ['7d49b48c-4266-4114-bfbc-61112c030c97'] P000452 QID832_16 old:  4 new:  3.417142857
WARN: overriding previous QID 6665be95-9721-444c-b393-4def8167284b ['7d49b48c-4266-4114-bfbc-61112c030c97'] P000452 QID830_11 old:  3 new:  4.354285714
WARN: overriding previous QID 6665be95-9721-444c-b393-4def8167284b ['7d49b48c-4266-4114-bfbc-61112c030c97'] P000452 QID830_5 old:  3 new:  3.551724138
WARN: overriding previous QID 6665be95-9721-444c-b393-4def8167284b ['7d49b48c-4266-4114-bfbc-61112c030c97'] P000452 QID830_7 old:  3 new:  4.28
WARN: overriding previous QID 6665be95-9721-444c-b393-4def8167284b ['7d49b48c-4266-4114-bfbc-61112c030c97'] P000452 QID832_18 old:  4 new:  3.811428571
WARN: overriding previous QID 6665be95-9721-444c-b393-4def8167284b ['7d49b48c-4266-4114-bfbc-61112c030c97'] P000452 QID872_8 old:  35 new:  80.44571429
WARN: overriding previous QID 6665be95-9721-444c-b393-4def8167284b ['7d49b48c-4266-4114-bfbc-61112c030c97'] P000452 QID832_19 old:  4 new:  3.337142857
WARN: overriding previous QID 6665be95-9721-444c-b393-4def8167284b ['7d49b48c-4266-4114-bfbc-61112c030c97'] P000452 QID872_6 old:  36 new:  77.48
WARN: overriding previous QID 6665be95-9721-444c-b393-4def8167284b ['7d49b48c-4266-4114-bfbc-61112c030c97'] P000452 QID13_10 old:  3 new:  3.508571429
WARN: overriding previous QID 6665be95-9721-444c-b393-4def8167284b ['7d49b48c-4266-4114-bfbc-61112c030c97'] P000452 QID872_2 old:  34 new:  70.40571429
WARN: overriding previous QID 6665be95-9721-444c-b393-4def8167284b ['7d49b48c-4266-4114-bfbc-61112c030c97'] P000452 QID830_3 old:  3 new:  3.451428571
WARN: overriding previous QID 6665be95-9721-444c-b393-4def8167284b ['7d49b48c-4266-4114-bfbc-61112c030c97'] P000452 QID785 old:  2 new:  1.0
WARN: overriding previous QID 6665be95-9721-444c-b393-4def8167284b ['7d49b48c-4266-4114-bfbc-61112c030c97'] P000452 QID872_3 old:  36 new:  76.94285714
WARN: overriding previous QID 6665be95-9721-444c-b393-4def8167284b ['7d49b48c-4266-4114-bfbc-61112c030c97'] P000452 QID819 old:  3 new:  2.0
WARN: overriding previous QID 6665be95-9721-444c-b393-4def8167284b ['7d49b48c-4266-4114-bfbc-61112c030c97'] P000452 QID769 old:  2 new:  1.0
WARN: overriding previous QID 6665be95-9721-444c-b393-4def8167284b ['7d49b48c-4266-4114-bfbc-61112c030c97'] P000452 QID867_2 old:  11 new:  11.58
WARN: overriding previous QID 6665be95-9721-444c-b393-4def8167284b ['7d49b48c-4266-4114-bfbc-61112c030c97'] P000452 QID872_1 old:  34 new:  74.29714286
WARN: overriding previous QID 6665be95-9721-444c-b393-4def8167284b ['7d49b48c-4266-4114-bfbc-61112c030c97'] P000452 QID779 old:  2 new:  1.0
WARN: overriding previous QID 6665be95-9721-444c-b393-4def8167284b ['7d49b48c-4266-4114-bfbc-61112c030c97'] P000452 QID830_8 old:  3 new:  4.274285714
WARN: overriding previous QID 6665be95-9721-444c-b393-4def8167284b ['7d49b48c-4266-4114-bfbc-61112c030c97'] P000452 QID763 old:  3 new:  2.0
WARN: overriding previous QID 6665be95-9721-444c-b393-4def8167284b ['7d49b48c-4266-4114-bfbc-61112c030c97'] P000452 QID773 old:  2 new:  3.0
WARN: overriding previous QID 6665be95-9721-444c-b393-4def8167284b ['7d49b48c-4266-4114-bfbc-61112c030c97'] P000452 QID767 old:  2 new:  4.0
WARN: overriding previous QID 6665be95-9721-444c-b393-4def8167284b ['7d49b48c-4266-4114-bfbc-61112c030c97'] P000452 QID830_12 old:  3 new:  4.494252874
WARN: overriding previous QID 6665be95-9721-444c-b393-4def8167284b ['7d49b48c-4266-4114-bfbc-61112c030c97'] P000452 QID801 old:  2 new:  3.0
WARN: overriding previous QID 6665be95-9721-444c-b393-4def8167284b ['7d49b48c-4266-4114-bfbc-61112c030c97'] P000452 QID13_2 old:  2 new:  3.44
WARN: overriding previous QID 6665be95-9721-444c-b393-4def8167284b ['7d49b48c-4266-4114-bfbc-61112c030c97'] P000452 QID13_15 old:  3 new:  2.754285714
WARN: overriding previous QID 6665be95-9721-444c-b393-4def8167284b ['7d49b48c-4266-4114-bfbc-61112c030c97'] P000452 QID793 old:  2 new:  1.0
WARN: overriding previous QID 6665be95-9721-444c-b393-4def8167284b ['7d49b48c-4266-4114-bfbc-61112c030c97'] P000452 QID832_21 old:  3 new:  3.925714286
WARN: overriding previous QID 6665be95-9721-444c-b393-4def8167284b ['7d49b48c-4266-4114-bfbc-61112c030c97'] P000452 QID830_13 old:  4 new:  3.542857143
WARN: overriding previous QID 6665be95-9721-444c-b393-4def8167284b ['7d49b48c-4266-4114-bfbc-61112c030c97'] P000452 QID867_1 old:  12 new:  14.09
WARN: overriding previous QID 6665be95-9721-444c-b393-4def8167284b ['7d49b48c-4266-4114-bfbc-61112c030c97'] P000452 QID830_14 old:  4 new:  3.634285714
Compute and publish player profile message
sbsod score 4.9079115337333326
vgem score 78.90257142933335
psychological collectivism score 3.8480919539999996
sociable dominance score 3.056871373866667
rmet score 27
SBSOD_MedianSplit_Score:  0
VGEM_MinecraftUSAR_MedianSplit_Score:  1
Competency_MedianSplit_Score:  1
PsychologicalCollectivism_MedianSplit_Score:  0
RMET_MedianSplit_Score:  0
SociableDominance_MedianSplit_Score:  0
make_player_profile HighTaskLowTeam 8 7
Initial Static Player Profile:  HighTaskLowTeam
Publish Player Profile
{'callsign': 'Green',
 'participant_id': 'P000452',
 'player-profile': 'HighTaskLowTeam',
 'role': 'transporter',
 'task-potential-category': 'HighTask',
 'team-potential-category': 'LowTeam'}


survey for participant P000453
Added missing qid vals from survey 96
{'QID13_1': 5.502857143,
 'QID13_10': 3.508571429,
 'QID13_11': 3.281609195,
 'QID13_12': 2.350574713,
 'QID13_13': 3.482758621,
 'QID13_14': 4.457142857,
 'QID13_15': 2.754285714,
 'QID13_2': 3.44,
 'QID13_3': 5.098837209,
 'QID13_4': 5.402298851,
 'QID13_5': 4.165714286,
 'QID13_6': 3.782857143,
 'QID13_7': 4.908571429,
 'QID13_8': 2.534482759,
 'QID13_9': 5.218390805,
 'QID751': 3.0,
 'QID753': 2.0,
 'QID755': 3.0,
 'QID757': 2.0,
 'QID759': 2.0,
 'QID761': 2.0,
 'QID763': 2.0,
 'QID765': 1.0,
 'QID767': 4.0,
 'QID769': 1.0,
 'QID771': 2.0,
 'QID773': 3.0,
 'QID775': 2.0,
 'QID777': 1.0,
 'QID779': 1.0,
 'QID781': 2.0,
 'QID783': 2.0,
 'QID785': 1.0,
 'QID787': 2.0,
 'QID789': 2.0,
 'QID791': 2.0,
 'QID793': 1.0,
 'QID795': 4.0,
 'QID797': 1.0,
 'QID799': 4.0,
 'QID801': 3.0,
 'QID803': 2.0,
 'QID805': 1.0,
 'QID807': 1.0,
 'QID809': 2.0,
 'QID811': 2.0,
 'QID813': 1.0,
 'QID815': 4.0,
 'QID817': 3.0,
 'QID819': 2.0,
 'QID821': 3.0,
 'QID830_1': 3.508571429,
 'QID830_10': 4.017142857,
 'QID830_11': 4.354285714,
 'QID830_12': 4.494252874,
 'QID830_13': 3.542857143,
 'QID830_14': 3.634285714,
 'QID830_15': 3.417142857,
 'QID830_2': 3.622857143,
 'QID830_3': 3.451428571,
 'QID830_4': 3.497142857,
 'QID830_5': 3.551724138,
 'QID830_6': 3.88,
 'QID830_7': 4.28,
 'QID830_8': 4.274285714,
 'QID830_9': 4.195402299,
 'QID832_16': 3.417142857,
 'QID832_17': 3.534482759,
 'QID832_18': 3.811428571,
 'QID832_19': 3.337142857,
 'QID832_20': 3.24,
 'QID832_21': 3.925714286,
 'QID832_22': 3.683908046,
 'QID832_23': 3.068965517,
 'QID832_24': 3.108571429,
 'QID832_25': 2.645714286,
 'QID832_26': 1.885714286,
 'QID832_27': 1.6,
 'QID832_28': 2.794285714,
 'QID832_29': 1.874285714,
 'QID832_9': 3.925714286,
 'QID867_1': 14.09,
 'QID867_2': 11.58,
 'QID867_4': 8.08,
 'QID868_1': 7.0,
 'QID868_3': 7.0,
 'QID868_5': 7.0,
 'QID868_6': 6.0,
 'QID872_1': 74.29714286,
 'QID872_2': 70.40571429,
 'QID872_3': 76.94285714,
 'QID872_4': 80.41714286,
 'QID872_5': 79.94857143,
 'QID872_6': 77.48,
 'QID872_7': 92.85142857,
 'QID872_8': 80.44571429}
WARN: overriding previous QID 6665be95-9721-444c-b393-4def8167284b ['7d49b48c-4266-4114-bfbc-61112c030c97'] P000453 QID832_28 old:  2 new:  2.794285714
WARN: overriding previous QID 6665be95-9721-444c-b393-4def8167284b ['7d49b48c-4266-4114-bfbc-61112c030c97'] P000453 QID13_13 old:  2 new:  3.482758621
WARN: overriding previous QID 6665be95-9721-444c-b393-4def8167284b ['7d49b48c-4266-4114-bfbc-61112c030c97'] P000453 QID815 old:  2 new:  4.0
WARN: overriding previous QID 6665be95-9721-444c-b393-4def8167284b ['7d49b48c-4266-4114-bfbc-61112c030c97'] P000453 QID13_4 old:  2 new:  5.402298851
WARN: overriding previous QID 6665be95-9721-444c-b393-4def8167284b ['7d49b48c-4266-4114-bfbc-61112c030c97'] P000453 QID868_1 old:  2 new:  7.0
WARN: overriding previous QID 6665be95-9721-444c-b393-4def8167284b ['7d49b48c-4266-4114-bfbc-61112c030c97'] P000453 QID821 old:  2 new:  3.0
WARN: overriding previous QID 6665be95-9721-444c-b393-4def8167284b ['7d49b48c-4266-4114-bfbc-61112c030c97'] P000453 QID751 old:  2 new:  3.0
WARN: overriding previous QID 6665be95-9721-444c-b393-4def8167284b ['7d49b48c-4266-4114-bfbc-61112c030c97'] P000453 QID799 old:  2 new:  4.0
WARN: overriding previous QID 6665be95-9721-444c-b393-4def8167284b ['7d49b48c-4266-4114-bfbc-61112c030c97'] P000453 QID830_2 old:  2 new:  3.622857143
WARN: overriding previous QID 6665be95-9721-444c-b393-4def8167284b ['7d49b48c-4266-4114-bfbc-61112c030c97'] P000453 QID13_12 old:  2 new:  2.350574713
WARN: overriding previous QID 6665be95-9721-444c-b393-4def8167284b ['7d49b48c-4266-4114-bfbc-61112c030c97'] P000453 QID830_1 old:  2 new:  3.508571429
WARN: overriding previous QID 6665be95-9721-444c-b393-4def8167284b ['7d49b48c-4266-4114-bfbc-61112c030c97'] P000453 QID830_4 old:  2 new:  3.497142857
WARN: overriding previous QID 6665be95-9721-444c-b393-4def8167284b ['7d49b48c-4266-4114-bfbc-61112c030c97'] P000453 QID832_26 old:  2 new:  1.885714286
WARN: overriding previous QID 6665be95-9721-444c-b393-4def8167284b ['7d49b48c-4266-4114-bfbc-61112c030c97'] P000453 QID777 old:  2 new:  1.0
WARN: overriding previous QID 6665be95-9721-444c-b393-4def8167284b ['7d49b48c-4266-4114-bfbc-61112c030c97'] P000453 QID832_17 old:  2 new:  3.534482759
WARN: overriding previous QID 6665be95-9721-444c-b393-4def8167284b ['7d49b48c-4266-4114-bfbc-61112c030c97'] P000453 QID832_27 old:  2 new:  1.6
WARN: overriding previous QID 6665be95-9721-444c-b393-4def8167284b ['7d49b48c-4266-4114-bfbc-61112c030c97'] P000453 QID868_3 old:  2 new:  7.0
WARN: overriding previous QID 6665be95-9721-444c-b393-4def8167284b ['7d49b48c-4266-4114-bfbc-61112c030c97'] P000453 QID872_5 old:  80 new:  79.94857143
WARN: overriding previous QID 6665be95-9721-444c-b393-4def8167284b ['7d49b48c-4266-4114-bfbc-61112c030c97'] P000453 QID868_6 old:  2 new:  6.0
WARN: overriding previous QID 6665be95-9721-444c-b393-4def8167284b ['7d49b48c-4266-4114-bfbc-61112c030c97'] P000453 QID872_7 old:  79 new:  92.85142857
WARN: overriding previous QID 6665be95-9721-444c-b393-4def8167284b ['7d49b48c-4266-4114-bfbc-61112c030c97'] P000453 QID813 old:  2 new:  1.0
WARN: overriding previous QID 6665be95-9721-444c-b393-4def8167284b ['7d49b48c-4266-4114-bfbc-61112c030c97'] P000453 QID755 old:  2 new:  3.0
WARN: overriding previous QID 6665be95-9721-444c-b393-4def8167284b ['7d49b48c-4266-4114-bfbc-61112c030c97'] P000453 QID868_5 old:  2 new:  7.0
WARN: overriding previous QID 6665be95-9721-444c-b393-4def8167284b ['7d49b48c-4266-4114-bfbc-61112c030c97'] P000453 QID832_29 old:  2 new:  1.874285714
WARN: overriding previous QID 6665be95-9721-444c-b393-4def8167284b ['7d49b48c-4266-4114-bfbc-61112c030c97'] P000453 QID13_7 old:  2 new:  4.908571429
WARN: overriding previous QID 6665be95-9721-444c-b393-4def8167284b ['7d49b48c-4266-4114-bfbc-61112c030c97'] P000453 QID830_9 old:  2 new:  4.195402299
WARN: overriding previous QID 6665be95-9721-444c-b393-4def8167284b ['7d49b48c-4266-4114-bfbc-61112c030c97'] P000453 QID13_6 old:  2 new:  3.782857143
WARN: overriding previous QID 6665be95-9721-444c-b393-4def8167284b ['7d49b48c-4266-4114-bfbc-61112c030c97'] P000453 QID867_4 old:  16 new:  8.08
WARN: overriding previous QID 6665be95-9721-444c-b393-4def8167284b ['7d49b48c-4266-4114-bfbc-61112c030c97'] P000453 QID13_11 old:  2 new:  3.281609195
WARN: overriding previous QID 6665be95-9721-444c-b393-4def8167284b ['7d49b48c-4266-4114-bfbc-61112c030c97'] P000453 QID805 old:  2 new:  1.0
WARN: overriding previous QID 6665be95-9721-444c-b393-4def8167284b ['7d49b48c-4266-4114-bfbc-61112c030c97'] P000453 QID872_4 old:  78 new:  80.41714286
WARN: overriding previous QID 6665be95-9721-444c-b393-4def8167284b ['7d49b48c-4266-4114-bfbc-61112c030c97'] P000453 QID830_6 old:  2 new:  3.88
WARN: overriding previous QID 6665be95-9721-444c-b393-4def8167284b ['7d49b48c-4266-4114-bfbc-61112c030c97'] P000453 QID832_23 old:  2 new:  3.068965517
WARN: overriding previous QID 6665be95-9721-444c-b393-4def8167284b ['7d49b48c-4266-4114-bfbc-61112c030c97'] P000453 QID13_5 old:  2 new:  4.165714286
WARN: overriding previous QID 6665be95-9721-444c-b393-4def8167284b ['7d49b48c-4266-4114-bfbc-61112c030c97'] P000453 QID765 old:  2 new:  1.0
WARN: overriding previous QID 6665be95-9721-444c-b393-4def8167284b ['7d49b48c-4266-4114-bfbc-61112c030c97'] P000453 QID832_22 old:  2 new:  3.683908046
WARN: overriding previous QID 6665be95-9721-444c-b393-4def8167284b ['7d49b48c-4266-4114-bfbc-61112c030c97'] P000453 QID13_3 old:  2 new:  5.098837209
WARN: overriding previous QID 6665be95-9721-444c-b393-4def8167284b ['7d49b48c-4266-4114-bfbc-61112c030c97'] P000453 QID830_15 old:  1 new:  3.417142857
WARN: overriding previous QID 6665be95-9721-444c-b393-4def8167284b ['7d49b48c-4266-4114-bfbc-61112c030c97'] P000453 QID797 old:  2 new:  1.0
WARN: overriding previous QID 6665be95-9721-444c-b393-4def8167284b ['7d49b48c-4266-4114-bfbc-61112c030c97'] P000453 QID13_14 old:  2 new:  4.457142857
WARN: overriding previous QID 6665be95-9721-444c-b393-4def8167284b ['7d49b48c-4266-4114-bfbc-61112c030c97'] P000453 QID13_1 old:  2 new:  5.502857143
WARN: overriding previous QID 6665be95-9721-444c-b393-4def8167284b ['7d49b48c-4266-4114-bfbc-61112c030c97'] P000453 QID830_10 old:  2 new:  4.017142857
WARN: overriding previous QID 6665be95-9721-444c-b393-4def8167284b ['7d49b48c-4266-4114-bfbc-61112c030c97'] P000453 QID13_9 old:  2 new:  5.218390805
WARN: overriding previous QID 6665be95-9721-444c-b393-4def8167284b ['7d49b48c-4266-4114-bfbc-61112c030c97'] P000453 QID832_24 old:  2 new:  3.108571429
WARN: overriding previous QID 6665be95-9721-444c-b393-4def8167284b ['7d49b48c-4266-4114-bfbc-61112c030c97'] P000453 QID832_20 old:  2 new:  3.24
WARN: overriding previous QID 6665be95-9721-444c-b393-4def8167284b ['7d49b48c-4266-4114-bfbc-61112c030c97'] P000453 QID795 old:  2 new:  4.0
WARN: overriding previous QID 6665be95-9721-444c-b393-4def8167284b ['7d49b48c-4266-4114-bfbc-61112c030c97'] P000453 QID832_9 old:  4 new:  3.925714286
WARN: overriding previous QID 6665be95-9721-444c-b393-4def8167284b ['7d49b48c-4266-4114-bfbc-61112c030c97'] P000453 QID832_25 old:  2 new:  2.645714286
WARN: overriding previous QID 6665be95-9721-444c-b393-4def8167284b ['7d49b48c-4266-4114-bfbc-61112c030c97'] P000453 QID807 old:  2 new:  1.0
WARN: overriding previous QID 6665be95-9721-444c-b393-4def8167284b ['7d49b48c-4266-4114-bfbc-61112c030c97'] P000453 QID13_8 old:  2 new:  2.534482759
WARN: overriding previous QID 6665be95-9721-444c-b393-4def8167284b ['7d49b48c-4266-4114-bfbc-61112c030c97'] P000453 QID832_16 old:  2 new:  3.417142857
WARN: overriding previous QID 6665be95-9721-444c-b393-4def8167284b ['7d49b48c-4266-4114-bfbc-61112c030c97'] P000453 QID830_11 old:  2 new:  4.354285714
WARN: overriding previous QID 6665be95-9721-444c-b393-4def8167284b ['7d49b48c-4266-4114-bfbc-61112c030c97'] P000453 QID830_5 old:  2 new:  3.551724138
WARN: overriding previous QID 6665be95-9721-444c-b393-4def8167284b ['7d49b48c-4266-4114-bfbc-61112c030c97'] P000453 QID830_7 old:  2 new:  4.28
WARN: overriding previous QID 6665be95-9721-444c-b393-4def8167284b ['7d49b48c-4266-4114-bfbc-61112c030c97'] P000453 QID832_18 old:  2 new:  3.811428571
WARN: overriding previous QID 6665be95-9721-444c-b393-4def8167284b ['7d49b48c-4266-4114-bfbc-61112c030c97'] P000453 QID872_8 old:  79 new:  80.44571429
WARN: overriding previous QID 6665be95-9721-444c-b393-4def8167284b ['7d49b48c-4266-4114-bfbc-61112c030c97'] P000453 QID832_19 old:  2 new:  3.337142857
WARN: overriding previous QID 6665be95-9721-444c-b393-4def8167284b ['7d49b48c-4266-4114-bfbc-61112c030c97'] P000453 QID872_6 old:  77 new:  77.48
WARN: overriding previous QID 6665be95-9721-444c-b393-4def8167284b ['7d49b48c-4266-4114-bfbc-61112c030c97'] P000453 QID13_10 old:  2 new:  3.508571429
WARN: overriding previous QID 6665be95-9721-444c-b393-4def8167284b ['7d49b48c-4266-4114-bfbc-61112c030c97'] P000453 QID872_2 old:  78 new:  70.40571429
WARN: overriding previous QID 6665be95-9721-444c-b393-4def8167284b ['7d49b48c-4266-4114-bfbc-61112c030c97'] P000453 QID830_3 old:  2 new:  3.451428571
WARN: overriding previous QID 6665be95-9721-444c-b393-4def8167284b ['7d49b48c-4266-4114-bfbc-61112c030c97'] P000453 QID785 old:  2 new:  1.0
WARN: overriding previous QID 6665be95-9721-444c-b393-4def8167284b ['7d49b48c-4266-4114-bfbc-61112c030c97'] P000453 QID872_3 old:  77 new:  76.94285714
WARN: overriding previous QID 6665be95-9721-444c-b393-4def8167284b ['7d49b48c-4266-4114-bfbc-61112c030c97'] P000453 QID769 old:  2 new:  1.0
WARN: overriding previous QID 6665be95-9721-444c-b393-4def8167284b ['7d49b48c-4266-4114-bfbc-61112c030c97'] P000453 QID867_2 old:  16 new:  11.58
WARN: overriding previous QID 6665be95-9721-444c-b393-4def8167284b ['7d49b48c-4266-4114-bfbc-61112c030c97'] P000453 QID872_1 old:  76 new:  74.29714286
WARN: overriding previous QID 6665be95-9721-444c-b393-4def8167284b ['7d49b48c-4266-4114-bfbc-61112c030c97'] P000453 QID779 old:  2 new:  1.0
WARN: overriding previous QID 6665be95-9721-444c-b393-4def8167284b ['7d49b48c-4266-4114-bfbc-61112c030c97'] P000453 QID830_8 old:  2 new:  4.274285714
WARN: overriding previous QID 6665be95-9721-444c-b393-4def8167284b ['7d49b48c-4266-4114-bfbc-61112c030c97'] P000453 QID817 old:  2 new:  3.0
WARN: overriding previous QID 6665be95-9721-444c-b393-4def8167284b ['7d49b48c-4266-4114-bfbc-61112c030c97'] P000453 QID773 old:  2 new:  3.0
WARN: overriding previous QID 6665be95-9721-444c-b393-4def8167284b ['7d49b48c-4266-4114-bfbc-61112c030c97'] P000453 QID767 old:  2 new:  4.0
WARN: overriding previous QID 6665be95-9721-444c-b393-4def8167284b ['7d49b48c-4266-4114-bfbc-61112c030c97'] P000453 QID830_12 old:  2 new:  4.494252874
WARN: overriding previous QID 6665be95-9721-444c-b393-4def8167284b ['7d49b48c-4266-4114-bfbc-61112c030c97'] P000453 QID801 old:  2 new:  3.0
WARN: overriding previous QID 6665be95-9721-444c-b393-4def8167284b ['7d49b48c-4266-4114-bfbc-61112c030c97'] P000453 QID13_2 old:  2 new:  3.44
WARN: overriding previous QID 6665be95-9721-444c-b393-4def8167284b ['7d49b48c-4266-4114-bfbc-61112c030c97'] P000453 QID13_15 old:  2 new:  2.754285714
WARN: overriding previous QID 6665be95-9721-444c-b393-4def8167284b ['7d49b48c-4266-4114-bfbc-61112c030c97'] P000453 QID793 old:  2 new:  1.0
WARN: overriding previous QID 6665be95-9721-444c-b393-4def8167284b ['7d49b48c-4266-4114-bfbc-61112c030c97'] P000453 QID832_21 old:  2 new:  3.925714286
WARN: overriding previous QID 6665be95-9721-444c-b393-4def8167284b ['7d49b48c-4266-4114-bfbc-61112c030c97'] P000453 QID830_13 old:  2 new:  3.542857143
WARN: overriding previous QID 6665be95-9721-444c-b393-4def8167284b ['7d49b48c-4266-4114-bfbc-61112c030c97'] P000453 QID867_1 old:  16 new:  14.09
WARN: overriding previous QID 6665be95-9721-444c-b393-4def8167284b ['7d49b48c-4266-4114-bfbc-61112c030c97'] P000453 QID830_14 old:  2 new:  3.634285714
Compute and publish player profile message
sbsod score 4.9079115337333326
vgem score 78.90257142933335
psychological collectivism score 3.8480919539999996
sociable dominance score 3.056871373866667
rmet score 27
SBSOD_MedianSplit_Score:  0
VGEM_MinecraftUSAR_MedianSplit_Score:  1
Competency_MedianSplit_Score:  1
PsychologicalCollectivism_MedianSplit_Score:  0
RMET_MedianSplit_Score:  0
SociableDominance_MedianSplit_Score:  0
make_player_profile HighTaskLowTeam 8 7
Initial Static Player Profile:  HighTaskLowTeam
Publish Player Profile
{'callsign': 'Blue',
 'participant_id': 'P000453',
 'player-profile': 'HighTaskLowTeam',
 'role': 'engineer',
 'task-potential-category': 'HighTask',
 'team-potential-category': 'LowTeam'}


survey for participant P000452
Added missing qid vals from survey 94
{'QID13_1': 5.502857143,
 'QID13_10': 3.508571429,
 'QID13_11': 3.281609195,
 'QID13_12': 2.350574713,
 'QID13_13': 3.482758621,
 'QID13_14': 4.457142857,
 'QID13_15': 2.754285714,
 'QID13_2': 3.44,
 'QID13_3': 5.098837209,
 'QID13_4': 5.402298851,
 'QID13_5': 4.165714286,
 'QID13_6': 3.782857143,
 'QID13_7': 4.908571429,
 'QID13_8': 2.534482759,
 'QID13_9': 5.218390805,
 'QID751': 3.0,
 'QID753': 2.0,
 'QID755': 3.0,
 'QID757': 2.0,
 'QID759': 2.0,
 'QID761': 2.0,
 'QID763': 2.0,
 'QID765': 1.0,
 'QID767': 4.0,
 'QID769': 1.0,
 'QID771': 2.0,
 'QID773': 3.0,
 'QID775': 2.0,
 'QID777': 1.0,
 'QID779': 1.0,
 'QID781': 2.0,
 'QID783': 2.0,
 'QID785': 1.0,
 'QID787': 2.0,
 'QID789': 2.0,
 'QID791': 2.0,
 'QID793': 1.0,
 'QID795': 4.0,
 'QID797': 1.0,
 'QID799': 4.0,
 'QID801': 3.0,
 'QID807': 1.0,
 'QID809': 2.0,
 'QID811': 2.0,
 'QID813': 1.0,
 'QID815': 4.0,
 'QID817': 3.0,
 'QID819': 2.0,
 'QID821': 3.0,
 'QID830_1': 3.508571429,
 'QID830_10': 4.017142857,
 'QID830_11': 4.354285714,
 'QID830_12': 4.494252874,
 'QID830_13': 3.542857143,
 'QID830_14': 3.634285714,
 'QID830_15': 3.417142857,
 'QID830_2': 3.622857143,
 'QID830_3': 3.451428571,
 'QID830_4': 3.497142857,
 'QID830_5': 3.551724138,
 'QID830_6': 3.88,
 'QID830_7': 4.28,
 'QID830_8': 4.274285714,
 'QID830_9': 4.195402299,
 'QID832_16': 3.417142857,
 'QID832_17': 3.534482759,
 'QID832_18': 3.811428571,
 'QID832_19': 3.337142857,
 'QID832_20': 3.24,
 'QID832_21': 3.925714286,
 'QID832_22': 3.683908046,
 'QID832_23': 3.068965517,
 'QID832_24': 3.108571429,
 'QID832_25': 2.645714286,
 'QID832_26': 1.885714286,
 'QID832_27': 1.6,
 'QID832_28': 2.794285714,
 'QID832_29': 1.874285714,
 'QID832_9': 3.925714286,
 'QID867_1': 14.09,
 'QID867_2': 11.58,
 'QID867_4': 8.08,
 'QID868_1': 7.0,
 'QID868_3': 7.0,
 'QID868_5': 7.0,
 'QID868_6': 6.0,
 'QID872_1': 74.29714286,
 'QID872_2': 70.40571429,
 'QID872_3': 76.94285714,
 'QID872_4': 80.41714286,
 'QID872_5': 79.94857143,
 'QID872_6': 77.48,
 'QID872_7': 92.85142857,
 'QID872_8': 80.44571429}
WARN: overriding previous QID 6665be95-9721-444c-b393-4def8167284b ['7d49b48c-4266-4114-bfbc-61112c030c97'] P000452 QID805 old:  1.0 new:  7
WARN: overriding previous QID 6665be95-9721-444c-b393-4def8167284b ['7d49b48c-4266-4114-bfbc-61112c030c97'] P000452 QID803 old:  2 new:  7
Compute and publish player profile message
sbsod score 4.9079115337333326
vgem score 78.90257142933335
psychological collectivism score 3.8480919539999996
sociable dominance score 3.056871373866667
rmet score 25
SBSOD_MedianSplit_Score:  0
VGEM_MinecraftUSAR_MedianSplit_Score:  1
Competency_MedianSplit_Score:  1
PsychologicalCollectivism_MedianSplit_Score:  0
RMET_MedianSplit_Score:  0
SociableDominance_MedianSplit_Score:  0
make_player_profile HighTaskLowTeam 8 7
Initial Static Player Profile:  HighTaskLowTeam
Publish Player Profile
{'callsign': 'Green',
 'participant_id': 'P000452',
 'player-profile': 'HighTaskLowTeam',
 'role': 'transporter',
 'task-potential-category': 'HighTask',
 'team-potential-category': 'LowTeam'}


survey for participant P000451
Added missing qid vals from survey 95
{'QID13_1': 5.502857143,
 'QID13_10': 3.508571429,
 'QID13_11': 3.281609195,
 'QID13_12': 2.350574713,
 'QID13_13': 3.482758621,
 'QID13_14': 4.457142857,
 'QID13_15': 2.754285714,
 'QID13_2': 3.44,
 'QID13_3': 5.098837209,
 'QID13_4': 5.402298851,
 'QID13_5': 4.165714286,
 'QID13_6': 3.782857143,
 'QID13_7': 4.908571429,
 'QID13_8': 2.534482759,
 'QID13_9': 5.218390805,
 'QID751': 3.0,
 'QID753': 2.0,
 'QID755': 3.0,
 'QID757': 2.0,
 'QID759': 2.0,
 'QID761': 2.0,
 'QID763': 2.0,
 'QID765': 1.0,
 'QID767': 4.0,
 'QID769': 1.0,
 'QID771': 2.0,
 'QID773': 3.0,
 'QID775': 2.0,
 'QID777': 1.0,
 'QID779': 1.0,
 'QID781': 2.0,
 'QID783': 2.0,
 'QID785': 1.0,
 'QID787': 2.0,
 'QID789': 2.0,
 'QID791': 2.0,
 'QID793': 1.0,
 'QID795': 4.0,
 'QID797': 1.0,
 'QID799': 4.0,
 'QID801': 3.0,
 'QID803': 2.0,
 'QID807': 1.0,
 'QID809': 2.0,
 'QID811': 2.0,
 'QID813': 1.0,
 'QID815': 4.0,
 'QID817': 3.0,
 'QID819': 2.0,
 'QID821': 3.0,
 'QID830_1': 3.508571429,
 'QID830_10': 4.017142857,
 'QID830_11': 4.354285714,
 'QID830_12': 4.494252874,
 'QID830_13': 3.542857143,
 'QID830_14': 3.634285714,
 'QID830_15': 3.417142857,
 'QID830_2': 3.622857143,
 'QID830_3': 3.451428571,
 'QID830_4': 3.497142857,
 'QID830_5': 3.551724138,
 'QID830_6': 3.88,
 'QID830_7': 4.28,
 'QID830_8': 4.274285714,
 'QID830_9': 4.195402299,
 'QID832_16': 3.417142857,
 'QID832_17': 3.534482759,
 'QID832_18': 3.811428571,
 'QID832_19': 3.337142857,
 'QID832_20': 3.24,
 'QID832_21': 3.925714286,
 'QID832_22': 3.683908046,
 'QID832_23': 3.068965517,
 'QID832_24': 3.108571429,
 'QID832_25': 2.645714286,
 'QID832_26': 1.885714286,
 'QID832_27': 1.6,
 'QID832_28': 2.794285714,
 'QID832_29': 1.874285714,
 'QID832_9': 3.925714286,
 'QID867_1': 14.09,
 'QID867_2': 11.58,
 'QID867_4': 8.08,
 'QID868_1': 7.0,
 'QID868_3': 7.0,
 'QID868_5': 7.0,
 'QID868_6': 6.0,
 'QID872_1': 74.29714286,
 'QID872_2': 70.40571429,
 'QID872_3': 76.94285714,
 'QID872_4': 80.41714286,
 'QID872_5': 79.94857143,
 'QID872_6': 77.48,
 'QID872_7': 92.85142857,
 'QID872_8': 80.44571429}
WARN: overriding previous QID 6665be95-9721-444c-b393-4def8167284b ['7d49b48c-4266-4114-bfbc-61112c030c97'] P000451 QID805 old:  1.0 new:  6
Compute and publish player profile message
sbsod score 4.9079115337333326
vgem score 78.90257142933335
psychological collectivism score 3.8480919539999996
sociable dominance score 3.056871373866667
rmet score 26
SBSOD_MedianSplit_Score:  0
VGEM_MinecraftUSAR_MedianSplit_Score:  1
Competency_MedianSplit_Score:  1
PsychologicalCollectivism_MedianSplit_Score:  0
RMET_MedianSplit_Score:  0
SociableDominance_MedianSplit_Score:  0
make_player_profile HighTaskLowTeam 8 7
Initial Static Player Profile:  HighTaskLowTeam
Publish Player Profile
{'callsign': 'Red',
 'participant_id': 'P000451',
 'player-profile': 'HighTaskLowTeam',
 'role': 'medic',
 'task-potential-category': 'HighTask',
 'team-potential-category': 'LowTeam'}


survey for participant P000453
Added missing qid vals from survey 95
{'QID13_1': 5.502857143,
 'QID13_10': 3.508571429,
 'QID13_11': 3.281609195,
 'QID13_12': 2.350574713,
 'QID13_13': 3.482758621,
 'QID13_14': 4.457142857,
 'QID13_15': 2.754285714,
 'QID13_2': 3.44,
 'QID13_3': 5.098837209,
 'QID13_4': 5.402298851,
 'QID13_5': 4.165714286,
 'QID13_6': 3.782857143,
 'QID13_7': 4.908571429,
 'QID13_8': 2.534482759,
 'QID13_9': 5.218390805,
 'QID751': 3.0,
 'QID753': 2.0,
 'QID755': 3.0,
 'QID757': 2.0,
 'QID759': 2.0,
 'QID761': 2.0,
 'QID763': 2.0,
 'QID765': 1.0,
 'QID767': 4.0,
 'QID769': 1.0,
 'QID771': 2.0,
 'QID773': 3.0,
 'QID775': 2.0,
 'QID777': 1.0,
 'QID779': 1.0,
 'QID781': 2.0,
 'QID783': 2.0,
 'QID785': 1.0,
 'QID787': 2.0,
 'QID789': 2.0,
 'QID791': 2.0,
 'QID793': 1.0,
 'QID795': 4.0,
 'QID797': 1.0,
 'QID799': 4.0,
 'QID801': 3.0,
 'QID805': 1.0,
 'QID807': 1.0,
 'QID809': 2.0,
 'QID811': 2.0,
 'QID813': 1.0,
 'QID815': 4.0,
 'QID817': 3.0,
 'QID819': 2.0,
 'QID821': 3.0,
 'QID830_1': 3.508571429,
 'QID830_10': 4.017142857,
 'QID830_11': 4.354285714,
 'QID830_12': 4.494252874,
 'QID830_13': 3.542857143,
 'QID830_14': 3.634285714,
 'QID830_15': 3.417142857,
 'QID830_2': 3.622857143,
 'QID830_3': 3.451428571,
 'QID830_4': 3.497142857,
 'QID830_5': 3.551724138,
 'QID830_6': 3.88,
 'QID830_7': 4.28,
 'QID830_8': 4.274285714,
 'QID830_9': 4.195402299,
 'QID832_16': 3.417142857,
 'QID832_17': 3.534482759,
 'QID832_18': 3.811428571,
 'QID832_19': 3.337142857,
 'QID832_20': 3.24,
 'QID832_21': 3.925714286,
 'QID832_22': 3.683908046,
 'QID832_23': 3.068965517,
 'QID832_24': 3.108571429,
 'QID832_25': 2.645714286,
 'QID832_26': 1.885714286,
 'QID832_27': 1.6,
 'QID832_28': 2.794285714,
 'QID832_29': 1.874285714,
 'QID832_9': 3.925714286,
 'QID867_1': 14.09,
 'QID867_2': 11.58,
 'QID867_4': 8.08,
 'QID868_1': 7.0,
 'QID868_3': 7.0,
 'QID868_5': 7.0,
 'QID868_6': 6.0,
 'QID872_1': 74.29714286,
 'QID872_2': 70.40571429,
 'QID872_3': 76.94285714,
 'QID872_4': 80.41714286,
 'QID872_5': 79.94857143,
 'QID872_6': 77.48,
 'QID872_7': 92.85142857,
 'QID872_8': 80.44571429}
WARN: overriding previous QID 6665be95-9721-444c-b393-4def8167284b ['7d49b48c-4266-4114-bfbc-61112c030c97'] P000453 QID803 old:  2 new:  8
Compute and publish player profile message
sbsod score 4.9079115337333326
vgem score 78.90257142933335
psychological collectivism score 3.8480919539999996
sociable dominance score 3.056871373866667
rmet score 26
SBSOD_MedianSplit_Score:  0
VGEM_MinecraftUSAR_MedianSplit_Score:  1
Competency_MedianSplit_Score:  1
PsychologicalCollectivism_MedianSplit_Score:  0
RMET_MedianSplit_Score:  0
SociableDominance_MedianSplit_Score:  0
make_player_profile HighTaskLowTeam 8 7
Initial Static Player Profile:  HighTaskLowTeam
Publish Player Profile
{'callsign': 'Blue',
 'participant_id': 'P000453',
 'player-profile': 'HighTaskLowTeam',
 'role': 'engineer',
 'task-potential-category': 'HighTask',
 'team-potential-category': 'LowTeam'}

Mission State Start Elapsed ms 4 => 4
check_180_timeout timeout 0 => 1 @time 180045
handle_180_timeout count 1
update medic 180 index: 0
TaskPotential_Factors_CurrentWindow [1, 1, 1, 1, 0]
seq_4_result
{'TaskPotential_Categorization_CurrentWindow': 'LowTask',
 'TaskPotential_Changed': False}
make_player_profile LowTaskLowTeam 7 7
set Transporter_Evacuations_Count_CurrentWindow: 0 => 0
set Medic_TriageSuccessful_Count_CurrentWindow: 7 => 0
set Transporter_Evacuations_Regular_Count_CurrentWindow: 0 => 0
set Transporter_Evacuations_Critical_Count_CurrentWindow: 0 => 0
set Transports_Initiated_Count_CurrentWindow: 6 => 0
set Transports_Completed_Count_CurrentWindow: 5 => 0
set Motion_CurrentWindow: 371.86318619101536 => 0
set Engineer_RubbleDestroyed_Count_CurrentWindow: 0 => 0
set Transport_Distances_CurrentWindow_List: [0.0031135632084442477, 6.441717235714827, 9.425400804934002, 2.7849681701220717, 7.733803452346858] => []
update transporter 180 index: 0
Transport_Distances_CurrentWindow_List [97.49291121431156, 12.075973206944456, 71.10635804015224]
Transport_Distance_Average_CurrentWindow 60.22508082046942
Transports_Completed_Count_CurrentWindow 3
Transporter_Evacuations_Count_CurrentWindow 3
Transport_Distance_Average_CurrentWindow 60.22508082046942
TaskPotential_Factors_CurrentWindow [0, 1, -1, 0, 1]
make_player_profile LowTaskLowTeam 7 7
set Transporter_Evacuations_Count_CurrentWindow: 3 => 0
set Medic_TriageSuccessful_Count_CurrentWindow: 0 => 0
set Transporter_Evacuations_Regular_Count_CurrentWindow: 2 => 0
set Transporter_Evacuations_Critical_Count_CurrentWindow: 1 => 0
set Transports_Initiated_Count_CurrentWindow: 4 => 0
set Transports_Completed_Count_CurrentWindow: 3 => 0
set Motion_CurrentWindow: 814.4020258148503 => 0
set Engineer_RubbleDestroyed_Count_CurrentWindow: 0 => 0
set Transport_Distances_CurrentWindow_List: [97.49291121431156, 12.075973206944456, 71.10635804015224] => []
update engg 180 index: 0
TaskPotential_Factors_CurrentWindow [1, 1, 1, 1, 1]
make_player_profile HighTaskLowTeam 8 7
set Transporter_Evacuations_Count_CurrentWindow: 0 => 0
set Medic_TriageSuccessful_Count_CurrentWindow: 0 => 0
set Transporter_Evacuations_Regular_Count_CurrentWindow: 0 => 0
set Transporter_Evacuations_Critical_Count_CurrentWindow: 0 => 0
set Transports_Initiated_Count_CurrentWindow: 3 => 0
set Transports_Completed_Count_CurrentWindow: 3 => 0
set Motion_CurrentWindow: 391.3501901501277 => 0
set Engineer_RubbleDestroyed_Count_CurrentWindow: 16 => 0
set Transport_Distances_CurrentWindow_List: [5.4894533340456295, 8.11829973647001, 22.502242575687884] => []
for participant_id P000451
{'TaskPotential_Category': 'LowTask',
 'TaskPotential_Changed': False,
 'TaskPotential_Factors_List': [[1, 1, 1, 1, 0]],
 'TaskPotential_StateAverages_List': [0.8928571428571429]}
for participant_id P000452
{'TaskPotential_Category': 'LowTask',
 'TaskPotential_Changed': False,
 'TaskPotential_Factors_List': [[0, 1, -1, 0, 1]],
 'TaskPotential_StateAverages_List': [0.45454545454545453]}
for participant_id P000453
{'TaskPotential_Category': 'HighTask',
 'TaskPotential_Changed': True,
 'TaskPotential_Factors_List': [[1, 1, 1, 1, 1]],
 'TaskPotential_StateAverages_List': [1.5925925925925926]}
check_180_timeout timeout 1 => 2 @time 360044
handle_180_timeout count 2
update medic 180 index: 1
TaskPotential_Factors_CurrentWindow [1, 1, 1, 1, 1]
seq_4_result
{'TaskPotential_Categorization_CurrentWindow': 'HighTask',
 'TaskPotential_Changed': True}
make_player_profile HighTaskLowTeam 8 7
set Transporter_Evacuations_Count_CurrentWindow: 0 => 0
set Medic_TriageSuccessful_Count_CurrentWindow: 6 => 0
set Transporter_Evacuations_Regular_Count_CurrentWindow: 0 => 0
set Transporter_Evacuations_Critical_Count_CurrentWindow: 0 => 0
set Transports_Initiated_Count_CurrentWindow: 3 => 0
set Transports_Completed_Count_CurrentWindow: 3 => 0
set Motion_CurrentWindow: 481.060734483985 => 0
set Engineer_RubbleDestroyed_Count_CurrentWindow: 0 => 0
set Transport_Distances_CurrentWindow_List: [62.969274529557836, 52.125918160536074, 41.799859374675044] => []
update transporter 180 index: 1
Transport_Distances_CurrentWindow_List [65.77479104247449, 73.32902264093914, 0.00650723620607168, 0.0, 0.0, 0.0, 70.35615454015213, 21.791366421549842, 65.87784385683814, 6.898992379875253, 68.79667721238675, 8.474911051065723]
Transport_Distance_Average_CurrentWindow 31.775522198457296
Transports_Completed_Count_CurrentWindow 12
Transporter_Evacuations_Count_CurrentWindow 5
Transport_Distance_Average_CurrentWindow 31.775522198457296
TaskPotential_Factors_CurrentWindow [-1, 1, -1, 1, 1]
make_player_profile LowTaskLowTeam 7 7
set Transporter_Evacuations_Count_CurrentWindow: 5 => 0
set Medic_TriageSuccessful_Count_CurrentWindow: 0 => 0
set Transporter_Evacuations_Regular_Count_CurrentWindow: 1 => 0
set Transporter_Evacuations_Critical_Count_CurrentWindow: 4 => 0
set Transports_Initiated_Count_CurrentWindow: 11 => 0
set Transports_Completed_Count_CurrentWindow: 12 => 0
set Motion_CurrentWindow: 857.6253344047794 => 0
set Engineer_RubbleDestroyed_Count_CurrentWindow: 0 => 0
set Transport_Distances_CurrentWindow_List: [65.77479104247449, 73.32902264093914, 0.00650723620607168, 0.0, 0.0, 0.0, 70.35615454015213, 21.791366421549842, 65.87784385683814, 6.898992379875253, 68.79667721238675, 8.474911051065723] => []
update engg 180 index: 1
TaskPotential_Factors_CurrentWindow [0, -1, 1, 1, -1]
make_player_profile HighTaskLowTeam 8 7
set Transporter_Evacuations_Count_CurrentWindow: 0 => 0
set Medic_TriageSuccessful_Count_CurrentWindow: 0 => 0
set Transporter_Evacuations_Regular_Count_CurrentWindow: 0 => 0
set Transporter_Evacuations_Critical_Count_CurrentWindow: 0 => 0
set Transports_Initiated_Count_CurrentWindow: 6 => 0
set Transports_Completed_Count_CurrentWindow: 6 => 0
set Motion_CurrentWindow: 384.57197075587504 => 0
set Engineer_RubbleDestroyed_Count_CurrentWindow: 5 => 0
set Transport_Distances_CurrentWindow_List: [8.183017444549913, 5.081499908356931, 11.266967494979054, 13.352514933203011, 2.926595899463281, 24.462126378266202] => []
for participant_id P000451
{'TaskPotential_Category': 'HighTask',
 'TaskPotential_Changed': True,
 'TaskPotential_Factors_List': [[1, 1, 1, 1, 0], [1, 1, 1, 1, 1]],
 'TaskPotential_StateAverages_List': [0.8928571428571429, 1.0714285714285714]}
for participant_id P000452
{'TaskPotential_Category': 'LowTask',
 'TaskPotential_Changed': False,
 'TaskPotential_Factors_List': [[0, 1, -1, 0, 1], [-1, 1, -1, 1, 1]],
 'TaskPotential_StateAverages_List': [0.45454545454545453, 0.45454545454545453]}
for participant_id P000453
{'TaskPotential_Category': 'HighTask',
 'TaskPotential_Changed': True,
 'TaskPotential_Factors_List': [[1, 1, 1, 1, 1], [0, -1, 1, 1, -1]],
 'TaskPotential_StateAverages_List': [1.5925925925925926, 0.25925925925925924]}
check_180_timeout timeout 2 => 3 @time 540006
handle_180_timeout count 3
update medic 180 index: 2
TaskPotential_Factors_CurrentWindow [1, 1, 1, 1, 0]
seq_4_result
{'TaskPotential_Categorization_CurrentWindow': 'HighTask',
 'TaskPotential_Changed': True}
make_player_profile HighTaskLowTeam 8 7
set Transporter_Evacuations_Count_CurrentWindow: 0 => 0
set Medic_TriageSuccessful_Count_CurrentWindow: 7 => 0
set Transporter_Evacuations_Regular_Count_CurrentWindow: 0 => 0
set Transporter_Evacuations_Critical_Count_CurrentWindow: 0 => 0
set Transports_Initiated_Count_CurrentWindow: 5 => 0
set Transports_Completed_Count_CurrentWindow: 5 => 0
set Motion_CurrentWindow: 346.2907881784177 => 0
set Engineer_RubbleDestroyed_Count_CurrentWindow: 0 => 0
set Transport_Distances_CurrentWindow_List: [46.814433695591106, 22.493771048764774, 11.789756931463874, 17.40329466518503, 28.858492040633227] => []
update transporter 180 index: 2
Transport_Distances_CurrentWindow_List [47.589646757585605, 65.56215377662447, 41.45973861918824, 60.04529210806744, 56.39824374994859]
Transport_Distance_Average_CurrentWindow 54.21101500228287
Transports_Completed_Count_CurrentWindow 5
Transporter_Evacuations_Count_CurrentWindow 5
Transport_Distance_Average_CurrentWindow 54.21101500228287
TaskPotential_Factors_CurrentWindow [0, 1, -1, 0, 1]
make_player_profile HighTaskLowTeam 8 7
set Transporter_Evacuations_Count_CurrentWindow: 5 => 0
set Medic_TriageSuccessful_Count_CurrentWindow: 0 => 0
set Transporter_Evacuations_Regular_Count_CurrentWindow: 2 => 0
set Transporter_Evacuations_Critical_Count_CurrentWindow: 3 => 0
set Transports_Initiated_Count_CurrentWindow: 6 => 0
set Transports_Completed_Count_CurrentWindow: 5 => 0
set Motion_CurrentWindow: 841.494118404002 => 0
set Engineer_RubbleDestroyed_Count_CurrentWindow: 0 => 0
set Transport_Distances_CurrentWindow_List: [47.589646757585605, 65.56215377662447, 41.45973861918824, 60.04529210806744, 56.39824374994859] => []
update engg 180 index: 2
TaskPotential_Factors_CurrentWindow [0, -1, 1, 1, 0]
make_player_profile HighTaskLowTeam 8 7
set Transporter_Evacuations_Count_CurrentWindow: 0 => 0
set Medic_TriageSuccessful_Count_CurrentWindow: 0 => 0
set Transporter_Evacuations_Regular_Count_CurrentWindow: 0 => 0
set Transporter_Evacuations_Critical_Count_CurrentWindow: 0 => 0
set Transports_Initiated_Count_CurrentWindow: 5 => 0
set Transports_Completed_Count_CurrentWindow: 5 => 0
set Motion_CurrentWindow: 420.6645981339933 => 0
set Engineer_RubbleDestroyed_Count_CurrentWindow: 5 => 0
set Transport_Distances_CurrentWindow_List: [13.154495406546927, 17.057495286561483, 18.45621424743934, 17.757634696473076, 13.112480721183239] => []
for participant_id P000451
{'TaskPotential_Category': 'HighTask',
 'TaskPotential_Changed': True,
 'TaskPotential_Factors_List': [[1, 1, 1, 1, 0],
                                [1, 1, 1, 1, 1],
                                [1, 1, 1, 1, 0]],
 'TaskPotential_StateAverages_List': [0.8928571428571429,
                                      1.0714285714285714,
                                      0.8928571428571429]}
for participant_id P000452
{'TaskPotential_Category': 'HighTask',
 'TaskPotential_Changed': True,
 'TaskPotential_Factors_List': [[0, 1, -1, 0, 1],
                                [-1, 1, -1, 1, 1],
                                [0, 1, -1, 0, 1]],
 'TaskPotential_StateAverages_List': [0.45454545454545453,
                                      0.45454545454545453,
                                      0.45454545454545453]}
for participant_id P000453
{'TaskPotential_Category': 'HighTask',
 'TaskPotential_Changed': True,
 'TaskPotential_Factors_List': [[1, 1, 1, 1, 1],
                                [0, -1, 1, 1, -1],
                                [0, -1, 1, 1, 0]],
 'TaskPotential_StateAverages_List': [1.5925925925925926,
                                      0.25925925925925924,
                                      0.6296296296296297]}
check_180_timeout timeout 3 => 4 @time 720015
handle_180_timeout count 4
update medic 180 index: 3
TaskPotential_Factors_CurrentWindow [1, 1, 1, 1, 0]
seq_4_result
{'TaskPotential_Categorization_CurrentWindow': 'HighTask',
 'TaskPotential_Changed': True}
make_player_profile HighTaskLowTeam 8 7
set Transporter_Evacuations_Count_CurrentWindow: 0 => 0
set Medic_TriageSuccessful_Count_CurrentWindow: 7 => 0
set Transporter_Evacuations_Regular_Count_CurrentWindow: 0 => 0
set Transporter_Evacuations_Critical_Count_CurrentWindow: 0 => 0
set Transports_Initiated_Count_CurrentWindow: 4 => 0
set Transports_Completed_Count_CurrentWindow: 5 => 0
set Motion_CurrentWindow: 406.006754509832 => 0
set Engineer_RubbleDestroyed_Count_CurrentWindow: 0 => 0
set Transport_Distances_CurrentWindow_List: [17.870158345798142, 8.779039721416526, 14.697460465287563, 2.5793378130319424, 14.723679760068988] => []
update transporter 180 index: 3
Transport_Distances_CurrentWindow_List [96.12815911062995, 122.22337826546979, 63.138237895701224, 57.444069857500985]
Transport_Distance_Average_CurrentWindow 84.7334612823255
Transports_Completed_Count_CurrentWindow 4
Transporter_Evacuations_Count_CurrentWindow 4
Transport_Distance_Average_CurrentWindow 84.7334612823255
TaskPotential_Factors_CurrentWindow [0, 1, -1, 0, 1]
make_player_profile LowTaskLowTeam 7 7
set Transporter_Evacuations_Count_CurrentWindow: 4 => 0
set Medic_TriageSuccessful_Count_CurrentWindow: 0 => 0
set Transporter_Evacuations_Regular_Count_CurrentWindow: 2 => 0
set Transporter_Evacuations_Critical_Count_CurrentWindow: 2 => 0
set Transports_Initiated_Count_CurrentWindow: 4 => 0
set Transports_Completed_Count_CurrentWindow: 4 => 0
set Motion_CurrentWindow: 789.8210057931918 => 0
set Engineer_RubbleDestroyed_Count_CurrentWindow: 0 => 0
set Transport_Distances_CurrentWindow_List: [96.12815911062995, 122.22337826546979, 63.138237895701224, 57.444069857500985] => []
update engg 180 index: 3
TaskPotential_Factors_CurrentWindow [1, -1, 1, 0, 1]
make_player_profile HighTaskLowTeam 8 7
set Transporter_Evacuations_Count_CurrentWindow: 0 => 0
set Medic_TriageSuccessful_Count_CurrentWindow: 0 => 0
set Transporter_Evacuations_Regular_Count_CurrentWindow: 0 => 0
set Transporter_Evacuations_Critical_Count_CurrentWindow: 0 => 0
set Transports_Initiated_Count_CurrentWindow: 2 => 0
set Transports_Completed_Count_CurrentWindow: 2 => 0
set Motion_CurrentWindow: 476.13113038556696 => 0
set Engineer_RubbleDestroyed_Count_CurrentWindow: 8 => 0
set Transport_Distances_CurrentWindow_List: [9.479019071455898, 9.935027041202288] => []
for participant_id P000451
{'TaskPotential_Category': 'HighTask',
 'TaskPotential_Changed': True,
 'TaskPotential_Factors_List': [[1, 1, 1, 1, 0],
                                [1, 1, 1, 1, 1],
                                [1, 1, 1, 1, 0],
                                [1, 1, 1, 1, 0]],
 'TaskPotential_StateAverages_List': [0.8928571428571429,
                                      1.0714285714285714,
                                      0.8928571428571429,
                                      0.8928571428571429]}
for participant_id P000452
{'TaskPotential_Category': 'LowTask',
 'TaskPotential_Changed': False,
 'TaskPotential_Factors_List': [[0, 1, -1, 0, 1],
                                [-1, 1, -1, 1, 1],
                                [0, 1, -1, 0, 1],
                                [0, 1, -1, 0, 1]],
 'TaskPotential_StateAverages_List': [0.45454545454545453,
                                      0.45454545454545453,
                                      0.45454545454545453,
                                      0.45454545454545453]}
for participant_id P000453
{'TaskPotential_Category': 'HighTask',
 'TaskPotential_Changed': True,
 'TaskPotential_Factors_List': [[1, 1, 1, 1, 1],
                                [0, -1, 1, 1, -1],
                                [0, -1, 1, 1, 0],
                                [1, -1, 1, 0, 1]],
 'TaskPotential_StateAverages_List': [1.5925925925925926,
                                      0.25925925925925924,
                                      0.6296296296296297,
                                      1.0]}
check_180_timeout timeout 4 => 5 @time 900003
handle_180_timeout count 5
update medic 180 index: 4
TaskPotential_Factors_CurrentWindow [0, -1, 1, 0, 1]
seq_4_result
{'TaskPotential_Categorization_CurrentWindow': 'HighTask',
 'TaskPotential_Changed': True}
make_player_profile HighTaskLowTeam 8 7
set Transporter_Evacuations_Count_CurrentWindow: 0 => 0
set Medic_TriageSuccessful_Count_CurrentWindow: 2 => 0
set Transporter_Evacuations_Regular_Count_CurrentWindow: 0 => 0
set Transporter_Evacuations_Critical_Count_CurrentWindow: 0 => 0
set Transports_Initiated_Count_CurrentWindow: 2 => 0
set Transports_Completed_Count_CurrentWindow: 1 => 0
set Motion_CurrentWindow: 500.9617734991645 => 0
set Engineer_RubbleDestroyed_Count_CurrentWindow: 0 => 0
set Transport_Distances_CurrentWindow_List: [8.57301778353652] => []
update transporter 180 index: 4
Transport_Distances_CurrentWindow_List [138.01345455736094, 100.66242518897245]
Transport_Distance_Average_CurrentWindow 119.3379398731667
Transports_Completed_Count_CurrentWindow 2
Transporter_Evacuations_Count_CurrentWindow 2
Transport_Distance_Average_CurrentWindow 119.3379398731667
TaskPotential_Factors_CurrentWindow [-1, 1, 0, 0, 1]
make_player_profile HighTaskLowTeam 8 7
set Transporter_Evacuations_Count_CurrentWindow: 2 => 0
set Medic_TriageSuccessful_Count_CurrentWindow: 0 => 0
set Transporter_Evacuations_Regular_Count_CurrentWindow: 0 => 0
set Transporter_Evacuations_Critical_Count_CurrentWindow: 2 => 0
set Transports_Initiated_Count_CurrentWindow: 1 => 0
set Transports_Completed_Count_CurrentWindow: 2 => 0
set Motion_CurrentWindow: 587.4382344536293 => 0
set Engineer_RubbleDestroyed_Count_CurrentWindow: 0 => 0
set Transport_Distances_CurrentWindow_List: [138.01345455736094, 100.66242518897245] => []
update engg 180 index: 4
TaskPotential_Factors_CurrentWindow [1, 1, 0, -1, -1]
make_player_profile HighTaskLowTeam 8 7
set Transporter_Evacuations_Count_CurrentWindow: 0 => 0
set Medic_TriageSuccessful_Count_CurrentWindow: 0 => 0
set Transporter_Evacuations_Regular_Count_CurrentWindow: 0 => 0
set Transporter_Evacuations_Critical_Count_CurrentWindow: 0 => 0
set Transports_Initiated_Count_CurrentWindow: 0 => 0
set Transports_Completed_Count_CurrentWindow: 0 => 0
set Motion_CurrentWindow: 414.723249047406 => 0
set Engineer_RubbleDestroyed_Count_CurrentWindow: 17 => 0
set Transport_Distances_CurrentWindow_List: [] => []
for participant_id P000451
{'TaskPotential_Category': 'HighTask',
 'TaskPotential_Changed': True,
 'TaskPotential_Factors_List': [[1, 1, 1, 1, 0],
                                [1, 1, 1, 1, 1],
                                [1, 1, 1, 1, 0],
                                [1, 1, 1, 1, 0],
                                [0, -1, 1, 0, 1]],
 'TaskPotential_StateAverages_List': [0.8928571428571429,
                                      1.0714285714285714,
                                      0.8928571428571429,
                                      0.8928571428571429,
                                      0.0]}
for participant_id P000452
{'TaskPotential_Category': 'HighTask',
 'TaskPotential_Changed': True,
 'TaskPotential_Factors_List': [[0, 1, -1, 0, 1],
                                [-1, 1, -1, 1, 1],
                                [0, 1, -1, 0, 1],
                                [0, 1, -1, 0, 1],
                                [-1, 1, 0, 0, 1]],
 'TaskPotential_StateAverages_List': [0.45454545454545453,
                                      0.45454545454545453,
                                      0.45454545454545453,
                                      0.45454545454545453,
                                      0.45454545454545453]}
for participant_id P000453
{'TaskPotential_Category': 'HighTask',
 'TaskPotential_Changed': True,
 'TaskPotential_Factors_List': [[1, 1, 1, 1, 1],
                                [0, -1, 1, 1, -1],
                                [0, -1, 1, 1, 0],
                                [1, -1, 1, 0, 1],
                                [1, 1, 0, -1, -1]],
 'TaskPotential_StateAverages_List': [1.5925925925925926,
                                      0.25925925925925924,
                                      0.6296296296296297,
                                      1.0,
                                      -0.25925925925925924]}
Mission State Stop Elapsed ms 903944 => -1

survey for participant P000452
Added missing qid vals from survey 93
{'QID13_1': 5.502857143,
 'QID13_10': 3.508571429,
 'QID13_11': 3.281609195,
 'QID13_12': 2.350574713,
 'QID13_13': 3.482758621,
 'QID13_14': 4.457142857,
 'QID13_15': 2.754285714,
 'QID13_2': 3.44,
 'QID13_3': 5.098837209,
 'QID13_4': 5.402298851,
 'QID13_5': 4.165714286,
 'QID13_6': 3.782857143,
 'QID13_7': 4.908571429,
 'QID13_8': 2.534482759,
 'QID13_9': 5.218390805,
 'QID751': 3.0,
 'QID753': 2.0,
 'QID755': 3.0,
 'QID757': 2.0,
 'QID759': 2.0,
 'QID761': 2.0,
 'QID763': 2.0,
 'QID765': 1.0,
 'QID767': 4.0,
 'QID769': 1.0,
 'QID771': 2.0,
 'QID773': 3.0,
 'QID775': 2.0,
 'QID777': 1.0,
 'QID779': 1.0,
 'QID781': 2.0,
 'QID783': 2.0,
 'QID785': 1.0,
 'QID787': 2.0,
 'QID789': 2.0,
 'QID791': 2.0,
 'QID793': 1.0,
 'QID795': 4.0,
 'QID797': 1.0,
 'QID799': 4.0,
 'QID801': 3.0,
 'QID807': 1.0,
 'QID809': 2.0,
 'QID811': 2.0,
 'QID813': 1.0,
 'QID815': 4.0,
 'QID817': 3.0,
 'QID821': 3.0,
 'QID830_1': 3.508571429,
 'QID830_10': 4.017142857,
 'QID830_11': 4.354285714,
 'QID830_12': 4.494252874,
 'QID830_13': 3.542857143,
 'QID830_14': 3.634285714,
 'QID830_15': 3.417142857,
 'QID830_2': 3.622857143,
 'QID830_3': 3.451428571,
 'QID830_4': 3.497142857,
 'QID830_5': 3.551724138,
 'QID830_6': 3.88,
 'QID830_7': 4.28,
 'QID830_8': 4.274285714,
 'QID830_9': 4.195402299,
 'QID832_16': 3.417142857,
 'QID832_17': 3.534482759,
 'QID832_18': 3.811428571,
 'QID832_19': 3.337142857,
 'QID832_20': 3.24,
 'QID832_21': 3.925714286,
 'QID832_22': 3.683908046,
 'QID832_23': 3.068965517,
 'QID832_24': 3.108571429,
 'QID832_25': 2.645714286,
 'QID832_26': 1.885714286,
 'QID832_27': 1.6,
 'QID832_28': 2.794285714,
 'QID832_29': 1.874285714,
 'QID832_9': 3.925714286,
 'QID867_1': 14.09,
 'QID867_2': 11.58,
 'QID867_4': 8.08,
 'QID868_1': 7.0,
 'QID868_3': 7.0,
 'QID868_5': 7.0,
 'QID868_6': 6.0,
 'QID872_1': 74.29714286,
 'QID872_2': 70.40571429,
 'QID872_3': 76.94285714,
 'QID872_4': 80.41714286,
 'QID872_5': 79.94857143,
 'QID872_6': 77.48,
 'QID872_7': 92.85142857,
 'QID872_8': 80.44571429}
WARN: overriding previous QID 6665be95-9721-444c-b393-4def8167284b ['7d49b48c-4266-4114-bfbc-61112c030c97'] P000452 QID805 old:  7 new:  6
WARN: overriding previous QID 6665be95-9721-444c-b393-4def8167284b ['7d49b48c-4266-4114-bfbc-61112c030c97'] P000452 QID803 old:  7 new:  5
WARN: overriding previous QID 6665be95-9721-444c-b393-4def8167284b ['7d49b48c-4266-4114-bfbc-61112c030c97'] P000452 QID819 old:  2.0 new:  ['3']
Compute and publish player profile message
sbsod score 4.9079115337333326
vgem score 78.90257142933335
psychological collectivism score 3.8480919539999996
sociable dominance score 3.056871373866667
rmet score 24
SBSOD_MedianSplit_Score:  0
VGEM_MinecraftUSAR_MedianSplit_Score:  1
Competency_MedianSplit_Score:  1
PsychologicalCollectivism_MedianSplit_Score:  0
RMET_MedianSplit_Score:  0
SociableDominance_MedianSplit_Score:  0
make_player_profile HighTaskLowTeam 8 7
Initial Static Player Profile:  HighTaskLowTeam
Publish Player Profile
{'callsign': 'Green',
 'participant_id': 'P000452',
 'player-profile': 'HighTaskLowTeam',
 'role': 'transporter',
 'task-potential-category': 'HighTask',
 'team-potential-category': 'LowTeam'}


survey for participant P000453
Added missing qid vals from survey 94
{'QID13_1': 5.502857143,
 'QID13_10': 3.508571429,
 'QID13_11': 3.281609195,
 'QID13_12': 2.350574713,
 'QID13_13': 3.482758621,
 'QID13_14': 4.457142857,
 'QID13_15': 2.754285714,
 'QID13_2': 3.44,
 'QID13_3': 5.098837209,
 'QID13_4': 5.402298851,
 'QID13_5': 4.165714286,
 'QID13_6': 3.782857143,
 'QID13_7': 4.908571429,
 'QID13_8': 2.534482759,
 'QID13_9': 5.218390805,
 'QID751': 3.0,
 'QID753': 2.0,
 'QID755': 3.0,
 'QID757': 2.0,
 'QID759': 2.0,
 'QID761': 2.0,
 'QID763': 2.0,
 'QID765': 1.0,
 'QID767': 4.0,
 'QID769': 1.0,
 'QID771': 2.0,
 'QID773': 3.0,
 'QID775': 2.0,
 'QID777': 1.0,
 'QID779': 1.0,
 'QID781': 2.0,
 'QID783': 2.0,
 'QID785': 1.0,
 'QID787': 2.0,
 'QID789': 2.0,
 'QID791': 2.0,
 'QID793': 1.0,
 'QID795': 4.0,
 'QID797': 1.0,
 'QID799': 4.0,
 'QID801': 3.0,
 'QID805': 1.0,
 'QID807': 1.0,
 'QID809': 2.0,
 'QID811': 2.0,
 'QID813': 1.0,
 'QID815': 4.0,
 'QID817': 3.0,
 'QID821': 3.0,
 'QID830_1': 3.508571429,
 'QID830_10': 4.017142857,
 'QID830_11': 4.354285714,
 'QID830_12': 4.494252874,
 'QID830_13': 3.542857143,
 'QID830_14': 3.634285714,
 'QID830_15': 3.417142857,
 'QID830_2': 3.622857143,
 'QID830_3': 3.451428571,
 'QID830_4': 3.497142857,
 'QID830_5': 3.551724138,
 'QID830_6': 3.88,
 'QID830_7': 4.28,
 'QID830_8': 4.274285714,
 'QID830_9': 4.195402299,
 'QID832_16': 3.417142857,
 'QID832_17': 3.534482759,
 'QID832_18': 3.811428571,
 'QID832_19': 3.337142857,
 'QID832_20': 3.24,
 'QID832_21': 3.925714286,
 'QID832_22': 3.683908046,
 'QID832_23': 3.068965517,
 'QID832_24': 3.108571429,
 'QID832_25': 2.645714286,
 'QID832_26': 1.885714286,
 'QID832_27': 1.6,
 'QID832_28': 2.794285714,
 'QID832_29': 1.874285714,
 'QID832_9': 3.925714286,
 'QID867_1': 14.09,
 'QID867_2': 11.58,
 'QID867_4': 8.08,
 'QID868_1': 7.0,
 'QID868_3': 7.0,
 'QID868_5': 7.0,
 'QID868_6': 6.0,
 'QID872_1': 74.29714286,
 'QID872_2': 70.40571429,
 'QID872_3': 76.94285714,
 'QID872_4': 80.41714286,
 'QID872_5': 79.94857143,
 'QID872_6': 77.48,
 'QID872_7': 92.85142857,
 'QID872_8': 80.44571429}
WARN: overriding previous QID 6665be95-9721-444c-b393-4def8167284b ['7d49b48c-4266-4114-bfbc-61112c030c97'] P000453 QID803 old:  8 new:  9
WARN: overriding previous QID 6665be95-9721-444c-b393-4def8167284b ['7d49b48c-4266-4114-bfbc-61112c030c97'] P000453 QID819 old:  2 new:  ['2']
Compute and publish player profile message
sbsod score 4.9079115337333326
vgem score 78.90257142933335
psychological collectivism score 3.8480919539999996
sociable dominance score 3.056871373866667
rmet score 25
SBSOD_MedianSplit_Score:  0
VGEM_MinecraftUSAR_MedianSplit_Score:  1
Competency_MedianSplit_Score:  1
PsychologicalCollectivism_MedianSplit_Score:  0
RMET_MedianSplit_Score:  0
SociableDominance_MedianSplit_Score:  0
make_player_profile HighTaskLowTeam 8 7
Initial Static Player Profile:  HighTaskLowTeam
Publish Player Profile
{'callsign': 'Blue',
 'participant_id': 'P000453',
 'player-profile': 'HighTaskLowTeam',
 'role': 'engineer',
 'task-potential-category': 'HighTask',
 'team-potential-category': 'LowTeam'}


survey for participant P000451
Added missing qid vals from survey 94
{'QID13_1': 5.502857143,
 'QID13_10': 3.508571429,
 'QID13_11': 3.281609195,
 'QID13_12': 2.350574713,
 'QID13_13': 3.482758621,
 'QID13_14': 4.457142857,
 'QID13_15': 2.754285714,
 'QID13_2': 3.44,
 'QID13_3': 5.098837209,
 'QID13_4': 5.402298851,
 'QID13_5': 4.165714286,
 'QID13_6': 3.782857143,
 'QID13_7': 4.908571429,
 'QID13_8': 2.534482759,
 'QID13_9': 5.218390805,
 'QID751': 3.0,
 'QID753': 2.0,
 'QID755': 3.0,
 'QID757': 2.0,
 'QID759': 2.0,
 'QID761': 2.0,
 'QID763': 2.0,
 'QID765': 1.0,
 'QID767': 4.0,
 'QID769': 1.0,
 'QID771': 2.0,
 'QID773': 3.0,
 'QID775': 2.0,
 'QID777': 1.0,
 'QID779': 1.0,
 'QID781': 2.0,
 'QID783': 2.0,
 'QID785': 1.0,
 'QID787': 2.0,
 'QID789': 2.0,
 'QID791': 2.0,
 'QID793': 1.0,
 'QID795': 4.0,
 'QID797': 1.0,
 'QID799': 4.0,
 'QID801': 3.0,
 'QID803': 2.0,
 'QID807': 1.0,
 'QID809': 2.0,
 'QID811': 2.0,
 'QID813': 1.0,
 'QID815': 4.0,
 'QID817': 3.0,
 'QID821': 3.0,
 'QID830_1': 3.508571429,
 'QID830_10': 4.017142857,
 'QID830_11': 4.354285714,
 'QID830_12': 4.494252874,
 'QID830_13': 3.542857143,
 'QID830_14': 3.634285714,
 'QID830_15': 3.417142857,
 'QID830_2': 3.622857143,
 'QID830_3': 3.451428571,
 'QID830_4': 3.497142857,
 'QID830_5': 3.551724138,
 'QID830_6': 3.88,
 'QID830_7': 4.28,
 'QID830_8': 4.274285714,
 'QID830_9': 4.195402299,
 'QID832_16': 3.417142857,
 'QID832_17': 3.534482759,
 'QID832_18': 3.811428571,
 'QID832_19': 3.337142857,
 'QID832_20': 3.24,
 'QID832_21': 3.925714286,
 'QID832_22': 3.683908046,
 'QID832_23': 3.068965517,
 'QID832_24': 3.108571429,
 'QID832_25': 2.645714286,
 'QID832_26': 1.885714286,
 'QID832_27': 1.6,
 'QID832_28': 2.794285714,
 'QID832_29': 1.874285714,
 'QID832_9': 3.925714286,
 'QID867_1': 14.09,
 'QID867_2': 11.58,
 'QID867_4': 8.08,
 'QID868_1': 7.0,
 'QID868_3': 7.0,
 'QID868_5': 7.0,
 'QID868_6': 6.0,
 'QID872_1': 74.29714286,
 'QID872_2': 70.40571429,
 'QID872_3': 76.94285714,
 'QID872_4': 80.41714286,
 'QID872_5': 79.94857143,
 'QID872_6': 77.48,
 'QID872_7': 92.85142857,
 'QID872_8': 80.44571429}
WARN: overriding previous QID 6665be95-9721-444c-b393-4def8167284b ['7d49b48c-4266-4114-bfbc-61112c030c97'] P000451 QID805 old:  6 new:  7
WARN: overriding previous QID 6665be95-9721-444c-b393-4def8167284b ['7d49b48c-4266-4114-bfbc-61112c030c97'] P000451 QID819 old:  2 new:  ['2']
Compute and publish player profile message
sbsod score 4.9079115337333326
vgem score 78.90257142933335
psychological collectivism score 3.8480919539999996
sociable dominance score 3.056871373866667
rmet score 25
SBSOD_MedianSplit_Score:  0
VGEM_MinecraftUSAR_MedianSplit_Score:  1
Competency_MedianSplit_Score:  1
PsychologicalCollectivism_MedianSplit_Score:  0
RMET_MedianSplit_Score:  0
SociableDominance_MedianSplit_Score:  0
make_player_profile HighTaskLowTeam 8 7
Initial Static Player Profile:  HighTaskLowTeam
Publish Player Profile
{'callsign': 'Red',
 'participant_id': 'P000451',
 'player-profile': 'HighTaskLowTeam',
 'role': 'medic',
 'task-potential-category': 'HighTask',
 'team-potential-category': 'LowTeam'}

